2025-11-03 11:50:27,118 - INC_Publicidade - DEBUG - [wrapper:58] - Iniciando: connect
2025-11-03 11:50:27,118 - INC_Publicidade - INFO - [connect:24] - Iniciando conexão Oracle...
2025-11-03 11:50:27,166 - INC_Publicidade - INFO - [connect:39] - Conexão Oracle estabelecida com sucesso!
2025-11-03 11:50:27,166 - INC_Publicidade - DEBUG - [wrapper:61] - Sucesso: connect
2025-11-03 11:50:27,167 - INC_Publicidade - INFO - [start_application:637] - Iniciando Sistema de Gestão de Publicidade...
2025-11-03 11:50:27,167 - INC_Publicidade - INFO - [start_application:638] - Conexão Oracle: localhost:1521/XEPDB1
2025-11-03 11:50:27,370 - INC_Publicidade - INFO - [__init__:27] - SearchEngine inicializado
2025-11-03 11:50:27,370 - INC_Publicidade - INFO - [integrar_pesquisa:21] - ✅ Motor de pesquisa inicializado com sucesso
2025-11-03 11:50:27,370 - INC_Publicidade - INFO - [integrar_pesquisa:28] - ✅ Sistema de pesquisa integrado com sucesso
2025-11-03 11:50:27,370 - INC_Publicidade - INFO - [__init__:151] - ✅ Sistema de pesquisa integrado
2025-11-03 11:50:27,408 - INC_Publicidade - DEBUG - [wrapper:58] - Iniciando: _create_interface
2025-11-03 11:50:27,408 - INC_Publicidade - DEBUG - [wrapper:58] - Iniciando: _create_sidebar
2025-11-03 11:50:27,448 - INC_Publicidade - DEBUG - [wrapper:58] - Iniciando: execute_query
2025-11-03 11:50:27,448 - INC_Publicidade - DEBUG - [execute_query:71] - Query retornou 1 linhas
2025-11-03 11:50:27,449 - INC_Publicidade - DEBUG - [wrapper:61] - Sucesso: execute_query
2025-11-03 11:50:27,449 - INC_Publicidade - DEBUG - [wrapper:58] - Iniciando: execute_query
2025-11-03 11:50:27,449 - INC_Publicidade - DEBUG - [execute_query:71] - Query retornou 1 linhas
2025-11-03 11:50:27,449 - INC_Publicidade - DEBUG - [wrapper:61] - Sucesso: execute_query
2025-11-03 11:50:27,598 - INC_Publicidade - DEBUG - [wrapper:61] - Sucesso: _create_sidebar
2025-11-03 11:50:27,599 - INC_Publicidade - DEBUG - [wrapper:58] - Iniciando: _create_header
2025-11-03 11:50:27,633 - INC_Publicidade - DEBUG - [wrapper:61] - Sucesso: _create_header
2025-11-03 11:50:27,633 - INC_Publicidade - DEBUG - [wrapper:58] - Iniciando: _create_main_content
2025-11-03 11:50:27,634 - INC_Publicidade - DEBUG - [wrapper:61] - Sucesso: _create_main_content
2025-11-03 11:50:27,634 - INC_Publicidade - DEBUG - [wrapper:61] - Sucesso: _create_interface
2025-11-03 11:50:27,634 - INC_Publicidade - DEBUG - [wrapper:58] - Iniciando: execute_query
2025-11-03 11:50:27,635 - INC_Publicidade - DEBUG - [execute_query:71] - Query retornou 1 linhas
2025-11-03 11:50:27,635 - INC_Publicidade - DEBUG - [wrapper:61] - Sucesso: execute_query
2025-11-03 11:50:32,465 - INC_Publicidade - INFO - [adicionar_barra_pesquisa_dashboard:68] - ✅ Barra de pesquisa adicionada ao dashboard
2025-11-03 11:50:32,487 - INC_Publicidade - DEBUG - [wrapper:58] - Iniciando: execute_query
2025-11-03 11:50:32,487 - INC_Publicidade - DEBUG - [execute_query:71] - Query retornou 1 linhas
2025-11-03 11:50:32,487 - INC_Publicidade - DEBUG - [wrapper:61] - Sucesso: execute_query
2025-11-03 11:50:32,487 - INC_Publicidade - DEBUG - [wrapper:58] - Iniciando: execute_query
2025-11-03 11:50:32,488 - INC_Publicidade - DEBUG - [execute_query:71] - Query retornou 1 linhas
2025-11-03 11:50:32,488 - INC_Publicidade - DEBUG - [wrapper:61] - Sucesso: execute_query
2025-11-03 11:50:39,087 - INC_Publicidade - DEBUG - [wrapper:58] - Iniciando: execute_query
2025-11-03 11:50:39,126 - INC_Publicidade - DEBUG - [execute_query:75] - Query executada e confirmada
2025-11-03 11:50:39,126 - INC_Publicidade - DEBUG - [wrapper:61] - Sucesso: execute_query
2025-11-03 11:50:39,126 - INC_Publicidade - INFO - [pesquisa_global:99] - Pesquisa global: '5G Revolution' - 2 resultados
