2025-11-03 01:18:41,720 - INC_Publicidade - DEBUG - [wrapper:58] - Iniciando: connect
2025-11-03 01:18:41,721 - INC_Publicidade - INFO - [connect:24] - Iniciando conexão Oracle...
2025-11-03 01:18:41,778 - INC_Publicidade - INFO - [connect:39] - Conexão Oracle estabelecida com sucesso!
2025-11-03 01:18:41,778 - INC_Publicidade - DEBUG - [wrapper:61] - Sucesso: connect
2025-11-03 01:18:41,780 - INC_Publicidade - INFO - [start_application:589] - Iniciando Sistema de Gestão de Publicidade...
2025-11-03 01:18:41,780 - INC_Publicidade - INFO - [start_application:590] - Conexão Oracle: localhost:1521/XEPDB1
2025-11-03 01:18:42,012 - INC_Publicidade - INFO - [__init__:27] - SearchEngine inicializado
2025-11-03 01:18:42,012 - INC_Publicidade - INFO - [integrar_pesquisa:21] - ✅ Motor de pesquisa inicializado com sucesso
2025-11-03 01:18:42,012 - INC_Publicidade - INFO - [integrar_pesquisa:28] - ✅ Sistema de pesquisa integrado com sucesso
2025-11-03 01:18:42,012 - INC_Publicidade - INFO - [__init__:151] - ✅ Sistema de pesquisa integrado
2025-11-03 01:18:42,058 - INC_Publicidade - DEBUG - [wrapper:58] - Iniciando: _create_interface
2025-11-03 01:18:42,059 - INC_Publicidade - DEBUG - [wrapper:58] - Iniciando: _create_sidebar
2025-11-03 01:18:42,106 - INC_Publicidade - DEBUG - [wrapper:58] - Iniciando: execute_query
2025-11-03 01:18:42,107 - INC_Publicidade - DEBUG - [execute_query:71] - Query retornou 1 linhas
2025-11-03 01:18:42,108 - INC_Publicidade - DEBUG - [wrapper:61] - Sucesso: execute_query
2025-11-03 01:18:42,108 - INC_Publicidade - DEBUG - [wrapper:58] - Iniciando: execute_query
2025-11-03 01:18:42,109 - INC_Publicidade - DEBUG - [execute_query:71] - Query retornou 1 linhas
2025-11-03 01:18:42,109 - INC_Publicidade - DEBUG - [wrapper:61] - Sucesso: execute_query
2025-11-03 01:18:42,270 - INC_Publicidade - DEBUG - [wrapper:61] - Sucesso: _create_sidebar
2025-11-03 01:18:42,270 - INC_Publicidade - DEBUG - [wrapper:58] - Iniciando: _create_header
2025-11-03 01:18:42,307 - INC_Publicidade - DEBUG - [wrapper:61] - Sucesso: _create_header
2025-11-03 01:18:42,307 - INC_Publicidade - DEBUG - [wrapper:58] - Iniciando: _create_main_content
2025-11-03 01:18:42,308 - INC_Publicidade - DEBUG - [wrapper:61] - Sucesso: _create_main_content
2025-11-03 01:18:42,308 - INC_Publicidade - DEBUG - [wrapper:61] - Sucesso: _create_interface
2025-11-03 01:18:42,308 - INC_Publicidade - DEBUG - [wrapper:58] - Iniciando: execute_query
2025-11-03 01:18:42,309 - INC_Publicidade - DEBUG - [execute_query:71] - Query retornou 1 linhas
2025-11-03 01:18:42,309 - INC_Publicidade - DEBUG - [wrapper:61] - Sucesso: execute_query
2025-11-03 01:18:50,118 - INC_Publicidade - DEBUG - [wrapper:58] - Iniciando: create_interface
2025-11-03 01:18:50,168 - INC_Publicidade - DEBUG - [wrapper:58] - Iniciando: create_toolbar
2025-11-03 01:18:50,232 - INC_Publicidade - DEBUG - [wrapper:61] - Sucesso: create_toolbar
2025-11-03 01:18:50,232 - INC_Publicidade - DEBUG - [wrapper:58] - Iniciando: create_anunciantes_table
2025-11-03 01:18:50,262 - INC_Publicidade - DEBUG - [wrapper:58] - Iniciando: create_treeview
2025-11-03 01:18:50,267 - INC_Publicidade - DEBUG - [wrapper:61] - Sucesso: create_treeview
2025-11-03 01:18:50,267 - INC_Publicidade - DEBUG - [wrapper:61] - Sucesso: create_anunciantes_table
2025-11-03 01:18:50,267 - INC_Publicidade - DEBUG - [wrapper:61] - Sucesso: create_interface
2025-11-03 01:18:50,267 - INC_Publicidade - DEBUG - [wrapper:58] - Iniciando: execute_query
2025-11-03 01:18:50,268 - INC_Publicidade - DEBUG - [execute_query:71] - Query retornou 5 linhas
2025-11-03 01:18:50,269 - INC_Publicidade - DEBUG - [wrapper:61] - Sucesso: execute_query
2025-11-03 01:18:50,269 - INC_Publicidade - INFO - [load_data:149] - Carregados 5 anunciantes
2025-11-03 01:19:05,355 - INC_Publicidade - DEBUG - [wrapper:58] - Iniciando: create_interface
2025-11-03 01:19:05,394 - INC_Publicidade - DEBUG - [wrapper:58] - Iniciando: create_toolbar
2025-11-03 01:19:05,462 - INC_Publicidade - DEBUG - [wrapper:61] - Sucesso: create_toolbar
2025-11-03 01:19:05,462 - INC_Publicidade - DEBUG - [wrapper:58] - Iniciando: create_espacos_table
2025-11-03 01:19:05,489 - INC_Publicidade - DEBUG - [wrapper:58] - Iniciando: create_treeview
2025-11-03 01:19:05,494 - INC_Publicidade - DEBUG - [wrapper:61] - Sucesso: create_treeview
2025-11-03 01:19:05,494 - INC_Publicidade - DEBUG - [wrapper:61] - Sucesso: create_espacos_table
2025-11-03 01:19:05,494 - INC_Publicidade - DEBUG - [wrapper:61] - Sucesso: create_interface
2025-11-03 01:19:05,495 - INC_Publicidade - DEBUG - [wrapper:58] - Iniciando: execute_query
2025-11-03 01:19:05,496 - INC_Publicidade - DEBUG - [execute_query:71] - Query retornou 5 linhas
2025-11-03 01:19:05,496 - INC_Publicidade - DEBUG - [wrapper:61] - Sucesso: execute_query
2025-11-03 01:19:05,496 - INC_Publicidade - INFO - [load_data:125] - Carregados 5 espaços
