2025-11-03 14:02:05,016 - INC_Publicidade - DEBUG - [wrapper:58] - Iniciando: connect
2025-11-03 14:02:05,016 - INC_Publicidade - INFO - [connect:24] - Iniciando conexão Oracle...
2025-11-03 14:02:05,143 - INC_Publicidade - INFO - [connect:39] - Conexão Oracle estabelecida com sucesso!
2025-11-03 14:02:05,143 - INC_Publicidade - DEBUG - [wrapper:61] - Sucesso: connect
2025-11-03 14:02:05,144 - INC_Publicidade - INFO - [start_application:637] - Iniciando Sistema de Gestão de Publicidade...
2025-11-03 14:02:05,145 - INC_Publicidade - INFO - [start_application:638] - Conexão Oracle: localhost:1521/XEPDB1
2025-11-03 14:02:05,369 - INC_Publicidade - INFO - [__init__:27] - SearchEngine inicializado
2025-11-03 14:02:05,369 - INC_Publicidade - INFO - [integrar_pesquisa:21] - ✅ Motor de pesquisa inicializado com sucesso
2025-11-03 14:02:05,369 - INC_Publicidade - INFO - [integrar_pesquisa:28] - ✅ Sistema de pesquisa integrado com sucesso
2025-11-03 14:02:05,369 - INC_Publicidade - INFO - [__init__:151] - ✅ Sistema de pesquisa integrado
2025-11-03 14:02:05,412 - INC_Publicidade - DEBUG - [wrapper:58] - Iniciando: _create_interface
2025-11-03 14:02:05,412 - INC_Publicidade - DEBUG - [wrapper:58] - Iniciando: _create_sidebar
2025-11-03 14:02:05,470 - INC_Publicidade - DEBUG - [wrapper:58] - Iniciando: execute_query
2025-11-03 14:02:05,478 - INC_Publicidade - DEBUG - [execute_query:71] - Query retornou 1 linhas
2025-11-03 14:02:05,478 - INC_Publicidade - DEBUG - [wrapper:61] - Sucesso: execute_query
2025-11-03 14:02:05,478 - INC_Publicidade - DEBUG - [wrapper:58] - Iniciando: execute_query
2025-11-03 14:02:05,479 - INC_Publicidade - DEBUG - [execute_query:71] - Query retornou 1 linhas
2025-11-03 14:02:05,479 - INC_Publicidade - DEBUG - [wrapper:61] - Sucesso: execute_query
2025-11-03 14:02:05,711 - INC_Publicidade - DEBUG - [wrapper:61] - Sucesso: _create_sidebar
2025-11-03 14:02:05,712 - INC_Publicidade - DEBUG - [wrapper:58] - Iniciando: _create_header
2025-11-03 14:02:05,794 - INC_Publicidade - DEBUG - [wrapper:61] - Sucesso: _create_header
2025-11-03 14:02:05,794 - INC_Publicidade - DEBUG - [wrapper:58] - Iniciando: _create_main_content
2025-11-03 14:02:05,798 - INC_Publicidade - DEBUG - [wrapper:61] - Sucesso: _create_main_content
2025-11-03 14:02:05,799 - INC_Publicidade - DEBUG - [wrapper:61] - Sucesso: _create_interface
2025-11-03 14:02:05,799 - INC_Publicidade - DEBUG - [wrapper:58] - Iniciando: execute_query
2025-11-03 14:02:05,801 - INC_Publicidade - DEBUG - [execute_query:71] - Query retornou 1 linhas
2025-11-03 14:02:05,801 - INC_Publicidade - DEBUG - [wrapper:61] - Sucesso: execute_query
2025-11-03 14:02:11,624 - INC_Publicidade - DEBUG - [wrapper:58] - Iniciando: create_interface
2025-11-03 14:02:11,669 - INC_Publicidade - DEBUG - [wrapper:58] - Iniciando: create_toolbar
2025-11-03 14:02:11,735 - INC_Publicidade - DEBUG - [wrapper:61] - Sucesso: create_toolbar
2025-11-03 14:02:11,735 - INC_Publicidade - DEBUG - [wrapper:58] - Iniciando: create_anunciantes_table
2025-11-03 14:02:11,765 - INC_Publicidade - DEBUG - [wrapper:58] - Iniciando: create_treeview
2025-11-03 14:02:11,770 - INC_Publicidade - DEBUG - [wrapper:61] - Sucesso: create_treeview
2025-11-03 14:02:11,770 - INC_Publicidade - DEBUG - [wrapper:61] - Sucesso: create_anunciantes_table
2025-11-03 14:02:11,770 - INC_Publicidade - DEBUG - [wrapper:61] - Sucesso: create_interface
2025-11-03 14:02:11,770 - INC_Publicidade - DEBUG - [wrapper:58] - Iniciando: execute_query
2025-11-03 14:02:11,789 - INC_Publicidade - DEBUG - [execute_query:71] - Query retornou 6 linhas
2025-11-03 14:02:11,789 - INC_Publicidade - DEBUG - [wrapper:61] - Sucesso: execute_query
2025-11-03 14:02:11,789 - INC_Publicidade - INFO - [load_data:150] - Carregados 6 anunciantes
