2025-11-01 20:21:55,803 - INC_Publicidade - DEBUG - [wrapper:58] - Iniciando: connect
2025-11-01 20:21:55,803 - INC_Publicidade - INFO - [connect:24] - Iniciando conex達o Oracle...
2025-11-01 20:21:55,850 - INC_Publicidade - INFO - [connect:39] - Conex達o Oracle estabelecida com sucesso!
2025-11-01 20:21:55,850 - INC_Publicidade - DEBUG - [wrapper:61] - Sucesso: connect
2025-11-01 20:21:55,851 - INC_Publicidade - INFO - [start_application:568] - Iniciando Sistema de Gest達o de Publicidade...
2025-11-01 20:21:55,851 - INC_Publicidade - INFO - [start_application:569] - Conex達o Oracle: localhost:1521/XEPDB1
2025-11-01 20:21:56,116 - INC_Publicidade - DEBUG - [wrapper:58] - Iniciando: _create_interface
2025-11-01 20:21:56,116 - INC_Publicidade - DEBUG - [wrapper:58] - Iniciando: _create_sidebar
2025-11-01 20:21:56,160 - INC_Publicidade - DEBUG - [wrapper:58] - Iniciando: execute_query
2025-11-01 20:21:56,160 - INC_Publicidade - DEBUG - [execute_query:71] - Query retornou 1 linhas
2025-11-01 20:21:56,161 - INC_Publicidade - DEBUG - [wrapper:61] - Sucesso: execute_query
2025-11-01 20:21:56,161 - INC_Publicidade - DEBUG - [wrapper:58] - Iniciando: execute_query
2025-11-01 20:21:56,161 - INC_Publicidade - DEBUG - [execute_query:71] - Query retornou 1 linhas
2025-11-01 20:21:56,161 - INC_Publicidade - DEBUG - [wrapper:61] - Sucesso: execute_query
2025-11-01 20:21:56,296 - INC_Publicidade - DEBUG - [wrapper:61] - Sucesso: _create_sidebar
2025-11-01 20:21:56,296 - INC_Publicidade - DEBUG - [wrapper:58] - Iniciando: _create_header
2025-11-01 20:21:56,338 - INC_Publicidade - DEBUG - [wrapper:61] - Sucesso: _create_header
2025-11-01 20:21:56,338 - INC_Publicidade - DEBUG - [wrapper:58] - Iniciando: _create_main_content
2025-11-01 20:21:56,339 - INC_Publicidade - DEBUG - [wrapper:61] - Sucesso: _create_main_content
2025-11-01 20:21:56,339 - INC_Publicidade - DEBUG - [wrapper:61] - Sucesso: _create_interface
2025-11-01 20:21:56,339 - INC_Publicidade - DEBUG - [wrapper:58] - Iniciando: execute_query
2025-11-01 20:21:56,339 - INC_Publicidade - DEBUG - [execute_query:71] - Query retornou 1 linhas
2025-11-01 20:21:56,339 - INC_Publicidade - DEBUG - [wrapper:61] - Sucesso: execute_query
2025-11-01 20:22:02,534 - INC_Publicidade - DEBUG - [wrapper:58] - Iniciando: create_interface
2025-11-01 20:22:02,561 - INC_Publicidade - DEBUG - [wrapper:58] - Iniciando: create_toolbar
2025-11-01 20:22:02,620 - INC_Publicidade - DEBUG - [wrapper:61] - Sucesso: create_toolbar
2025-11-01 20:22:02,620 - INC_Publicidade - DEBUG - [wrapper:58] - Iniciando: create_campanhas_table
2025-11-01 20:22:02,648 - INC_Publicidade - DEBUG - [wrapper:58] - Iniciando: create_treeview
2025-11-01 20:22:02,653 - INC_Publicidade - DEBUG - [wrapper:61] - Sucesso: create_treeview
2025-11-01 20:22:02,653 - INC_Publicidade - DEBUG - [wrapper:61] - Sucesso: create_campanhas_table
2025-11-01 20:22:02,653 - INC_Publicidade - DEBUG - [wrapper:61] - Sucesso: create_interface
2025-11-01 20:22:02,653 - INC_Publicidade - DEBUG - [wrapper:58] - Iniciando: execute_query
2025-11-01 20:22:02,654 - INC_Publicidade - DEBUG - [execute_query:71] - Query retornou 5 linhas
2025-11-01 20:22:02,654 - INC_Publicidade - DEBUG - [wrapper:61] - Sucesso: execute_query
2025-11-01 20:22:06,106 - INC_Publicidade - DEBUG - [wrapper:58] - Iniciando: create_interface
2025-11-01 20:22:06,129 - INC_Publicidade - DEBUG - [wrapper:58] - Iniciando: create_toolbar
2025-11-01 20:22:06,185 - INC_Publicidade - DEBUG - [wrapper:61] - Sucesso: create_toolbar
2025-11-01 20:22:06,185 - INC_Publicidade - DEBUG - [wrapper:58] - Iniciando: create_anunciantes_table
2025-11-01 20:22:06,211 - INC_Publicidade - DEBUG - [wrapper:58] - Iniciando: create_treeview
2025-11-01 20:22:06,216 - INC_Publicidade - DEBUG - [wrapper:61] - Sucesso: create_treeview
2025-11-01 20:22:06,216 - INC_Publicidade - DEBUG - [wrapper:61] - Sucesso: create_anunciantes_table
2025-11-01 20:22:06,216 - INC_Publicidade - DEBUG - [wrapper:61] - Sucesso: create_interface
2025-11-01 20:22:06,216 - INC_Publicidade - DEBUG - [wrapper:58] - Iniciando: execute_query
2025-11-01 20:22:06,217 - INC_Publicidade - ERROR - [execute_query:79] - Erro de banco de dados: ORA-00904: "TELEFONE": invalid identifier
2025-11-01 20:22:06,218 - INC_Publicidade - DEBUG - [wrapper:61] - Sucesso: execute_query
2025-11-01 20:22:18,107 - INC_Publicidade - DEBUG - [wrapper:58] - Iniciando: create_interface
2025-11-01 20:22:18,139 - INC_Publicidade - DEBUG - [wrapper:58] - Iniciando: create_toolbar
2025-11-01 20:22:18,207 - INC_Publicidade - DEBUG - [wrapper:61] - Sucesso: create_toolbar
2025-11-01 20:22:18,207 - INC_Publicidade - DEBUG - [wrapper:58] - Iniciando: create_anunciantes_table
2025-11-01 20:22:18,233 - INC_Publicidade - DEBUG - [wrapper:58] - Iniciando: create_treeview
2025-11-01 20:22:18,237 - INC_Publicidade - DEBUG - [wrapper:61] - Sucesso: create_treeview
2025-11-01 20:22:18,238 - INC_Publicidade - DEBUG - [wrapper:61] - Sucesso: create_anunciantes_table
2025-11-01 20:22:18,238 - INC_Publicidade - DEBUG - [wrapper:61] - Sucesso: create_interface
2025-11-01 20:22:18,238 - INC_Publicidade - DEBUG - [wrapper:58] - Iniciando: execute_query
2025-11-01 20:22:18,239 - INC_Publicidade - ERROR - [execute_query:79] - Erro de banco de dados: ORA-00904: "TELEFONE": invalid identifier
2025-11-01 20:22:18,239 - INC_Publicidade - DEBUG - [wrapper:61] - Sucesso: execute_query
2025-11-01 20:22:21,930 - INC_Publicidade - DEBUG - [wrapper:58] - Iniciando: create_interface
2025-11-01 20:22:21,957 - INC_Publicidade - DEBUG - [wrapper:58] - Iniciando: create_toolbar
2025-11-01 20:22:22,013 - INC_Publicidade - DEBUG - [wrapper:61] - Sucesso: create_toolbar
2025-11-01 20:22:22,013 - INC_Publicidade - DEBUG - [wrapper:58] - Iniciando: create_campanhas_table
2025-11-01 20:22:22,040 - INC_Publicidade - DEBUG - [wrapper:58] - Iniciando: create_treeview
2025-11-01 20:22:22,044 - INC_Publicidade - DEBUG - [wrapper:61] - Sucesso: create_treeview
2025-11-01 20:22:22,044 - INC_Publicidade - DEBUG - [wrapper:61] - Sucesso: create_campanhas_table
2025-11-01 20:22:22,045 - INC_Publicidade - DEBUG - [wrapper:61] - Sucesso: create_interface
2025-11-01 20:22:22,045 - INC_Publicidade - DEBUG - [wrapper:58] - Iniciando: execute_query
2025-11-01 20:22:22,046 - INC_Publicidade - DEBUG - [execute_query:71] - Query retornou 5 linhas
2025-11-01 20:22:22,046 - INC_Publicidade - DEBUG - [wrapper:61] - Sucesso: execute_query
2025-11-01 20:22:32,221 - INC_Publicidade - DEBUG - [wrapper:58] - Iniciando: execute_query
2025-11-01 20:22:32,224 - INC_Publicidade - DEBUG - [execute_query:71] - Query retornou 5 linhas
2025-11-01 20:22:32,224 - INC_Publicidade - DEBUG - [wrapper:61] - Sucesso: execute_query
2025-11-01 20:23:19,273 - INC_Publicidade - DEBUG - [wrapper:58] - Iniciando: execute_query
2025-11-01 20:23:19,274 - INC_Publicidade - DEBUG - [execute_query:71] - Query retornou 5 linhas
2025-11-01 20:23:19,274 - INC_Publicidade - DEBUG - [wrapper:61] - Sucesso: execute_query
2025-11-01 20:23:19,810 - INC_Publicidade - DEBUG - [wrapper:58] - Iniciando: execute_query
2025-11-01 20:23:19,822 - INC_Publicidade - DEBUG - [execute_query:71] - Query retornou 1 linhas
2025-11-01 20:23:19,822 - INC_Publicidade - DEBUG - [wrapper:61] - Sucesso: execute_query
2025-11-01 20:23:19,823 - INC_Publicidade - DEBUG - [wrapper:58] - Iniciando: execute_query
2025-11-01 20:23:19,824 - INC_Publicidade - DEBUG - [execute_query:71] - Query retornou 1 linhas
2025-11-01 20:23:19,824 - INC_Publicidade - DEBUG - [wrapper:61] - Sucesso: execute_query
2025-11-01 20:23:24,091 - INC_Publicidade - DEBUG - [wrapper:58] - Iniciando: execute_query
2025-11-01 20:23:24,092 - INC_Publicidade - DEBUG - [execute_query:71] - Query retornou 5 linhas
2025-11-01 20:23:24,092 - INC_Publicidade - DEBUG - [wrapper:61] - Sucesso: execute_query
2025-11-01 20:23:26,276 - INC_Publicidade - DEBUG - [wrapper:58] - Iniciando: create_interface
2025-11-01 20:23:26,303 - INC_Publicidade - DEBUG - [wrapper:58] - Iniciando: create_toolbar
2025-11-01 20:23:26,357 - INC_Publicidade - DEBUG - [wrapper:61] - Sucesso: create_toolbar
2025-11-01 20:23:26,357 - INC_Publicidade - DEBUG - [wrapper:58] - Iniciando: create_anunciantes_table
2025-11-01 20:23:26,383 - INC_Publicidade - DEBUG - [wrapper:58] - Iniciando: create_treeview
2025-11-01 20:23:26,388 - INC_Publicidade - DEBUG - [wrapper:61] - Sucesso: create_treeview
2025-11-01 20:23:26,388 - INC_Publicidade - DEBUG - [wrapper:61] - Sucesso: create_anunciantes_table
2025-11-01 20:23:26,388 - INC_Publicidade - DEBUG - [wrapper:61] - Sucesso: create_interface
2025-11-01 20:23:26,388 - INC_Publicidade - DEBUG - [wrapper:58] - Iniciando: execute_query
2025-11-01 20:23:26,389 - INC_Publicidade - ERROR - [execute_query:79] - Erro de banco de dados: ORA-00904: "TELEFONE": invalid identifier
2025-11-01 20:23:26,389 - INC_Publicidade - DEBUG - [wrapper:61] - Sucesso: execute_query
2025-11-01 20:27:34,654 - INC_Publicidade - DEBUG - [wrapper:58] - Iniciando: create_interface
2025-11-01 20:27:34,686 - INC_Publicidade - DEBUG - [wrapper:58] - Iniciando: create_toolbar
2025-11-01 20:27:34,754 - INC_Publicidade - DEBUG - [wrapper:61] - Sucesso: create_toolbar
2025-11-01 20:27:34,754 - INC_Publicidade - DEBUG - [wrapper:58] - Iniciando: create_anunciantes_table
2025-11-01 20:27:34,784 - INC_Publicidade - DEBUG - [wrapper:58] - Iniciando: create_treeview
2025-11-01 20:27:34,790 - INC_Publicidade - DEBUG - [wrapper:61] - Sucesso: create_treeview
2025-11-01 20:27:34,790 - INC_Publicidade - DEBUG - [wrapper:61] - Sucesso: create_anunciantes_table
2025-11-01 20:27:34,790 - INC_Publicidade - DEBUG - [wrapper:61] - Sucesso: create_interface
2025-11-01 20:27:34,790 - INC_Publicidade - DEBUG - [wrapper:58] - Iniciando: execute_query
2025-11-01 20:27:34,792 - INC_Publicidade - ERROR - [execute_query:79] - Erro de banco de dados: ORA-00904: "TELEFONE": invalid identifier
2025-11-01 20:27:34,792 - INC_Publicidade - DEBUG - [wrapper:61] - Sucesso: execute_query
