2025-11-02 23:11:40,452 - INC_Publicidade - DEBUG - [wrapper:58] - Iniciando: connect
2025-11-02 23:11:40,452 - INC_Publicidade - INFO - [connect:24] - Iniciando conexão Oracle...
2025-11-02 23:11:40,509 - INC_Publicidade - INFO - [connect:39] - Conexão Oracle estabelecida com sucesso!
2025-11-02 23:11:40,509 - INC_Publicidade - DEBUG - [wrapper:61] - Sucesso: connect
2025-11-02 23:11:40,510 - INC_Publicidade - INFO - [start_application:569] - Iniciando Sistema de Gestão de Publicidade...
2025-11-02 23:11:40,510 - INC_Publicidade - INFO - [start_application:570] - Conexão Oracle: localhost:1521/XEPDB1
2025-11-02 23:11:40,781 - INC_Publicidade - DEBUG - [wrapper:58] - Iniciando: _create_interface
2025-11-02 23:11:40,781 - INC_Publicidade - DEBUG - [wrapper:58] - Iniciando: _create_sidebar
2025-11-02 23:11:40,841 - INC_Publicidade - DEBUG - [wrapper:58] - Iniciando: execute_query
2025-11-02 23:11:40,842 - INC_Publicidade - DEBUG - [execute_query:71] - Query retornou 1 linhas
2025-11-02 23:11:40,842 - INC_Publicidade - DEBUG - [wrapper:61] - Sucesso: execute_query
2025-11-02 23:11:40,842 - INC_Publicidade - DEBUG - [wrapper:58] - Iniciando: execute_query
2025-11-02 23:11:40,843 - INC_Publicidade - DEBUG - [execute_query:71] - Query retornou 1 linhas
2025-11-02 23:11:40,843 - INC_Publicidade - DEBUG - [wrapper:61] - Sucesso: execute_query
2025-11-02 23:11:41,097 - INC_Publicidade - DEBUG - [wrapper:61] - Sucesso: _create_sidebar
2025-11-02 23:11:41,097 - INC_Publicidade - DEBUG - [wrapper:58] - Iniciando: _create_header
2025-11-02 23:11:41,168 - INC_Publicidade - DEBUG - [wrapper:61] - Sucesso: _create_header
2025-11-02 23:11:41,168 - INC_Publicidade - DEBUG - [wrapper:58] - Iniciando: _create_main_content
2025-11-02 23:11:41,169 - INC_Publicidade - DEBUG - [wrapper:61] - Sucesso: _create_main_content
2025-11-02 23:11:41,170 - INC_Publicidade - DEBUG - [wrapper:61] - Sucesso: _create_interface
2025-11-02 23:11:41,170 - INC_Publicidade - DEBUG - [wrapper:58] - Iniciando: execute_query
2025-11-02 23:11:41,170 - INC_Publicidade - DEBUG - [execute_query:71] - Query retornou 1 linhas
2025-11-02 23:11:41,170 - INC_Publicidade - DEBUG - [wrapper:61] - Sucesso: execute_query
2025-11-02 23:11:46,905 - INC_Publicidade - DEBUG - [wrapper:58] - Iniciando: show_dashboard
2025-11-02 23:11:46,941 - INC_Publicidade - DEBUG - [wrapper:58] - Iniciando: execute_query
2025-11-02 23:11:46,942 - INC_Publicidade - DEBUG - [execute_query:71] - Query retornou 1 linhas
2025-11-02 23:11:46,942 - INC_Publicidade - DEBUG - [wrapper:61] - Sucesso: execute_query
2025-11-02 23:11:46,942 - INC_Publicidade - DEBUG - [wrapper:58] - Iniciando: execute_query
2025-11-02 23:11:46,948 - INC_Publicidade - DEBUG - [execute_query:71] - Query retornou 1 linhas
2025-11-02 23:11:46,949 - INC_Publicidade - DEBUG - [wrapper:61] - Sucesso: execute_query
2025-11-02 23:11:47,136 - INC_Publicidade - DEBUG - [wrapper:58] - Iniciando: execute_query
2025-11-02 23:11:47,136 - INC_Publicidade - DEBUG - [execute_query:71] - Query retornou 1 linhas
2025-11-02 23:11:47,136 - INC_Publicidade - DEBUG - [wrapper:61] - Sucesso: execute_query
2025-11-02 23:11:47,136 - INC_Publicidade - DEBUG - [wrapper:58] - Iniciando: execute_query
2025-11-02 23:11:47,137 - INC_Publicidade - DEBUG - [execute_query:71] - Query retornou 0 linhas
2025-11-02 23:11:47,137 - INC_Publicidade - DEBUG - [wrapper:61] - Sucesso: execute_query
2025-11-02 23:11:47,138 - INC_Publicidade - DEBUG - [wrapper:61] - Sucesso: show_dashboard
2025-11-02 23:14:59,655 - INC_Publicidade - INFO - [close:106] - Conexão Oracle fechada
