2025-11-03 00:06:17,116 - INC_Publicidade - DEBUG - [wrapper:58] - Iniciando: connect
2025-11-03 00:06:17,116 - INC_Publicidade - INFO - [connect:24] - Iniciando conexão Oracle...
2025-11-03 00:06:17,165 - INC_Publicidade - INFO - [connect:39] - Conexão Oracle estabelecida com sucesso!
2025-11-03 00:06:17,165 - INC_Publicidade - DEBUG - [wrapper:61] - Sucesso: connect
2025-11-03 00:06:17,165 - INC_Publicidade - INFO - [start_application:580] - Iniciando Sistema de Gestão de Publicidade...
2025-11-03 00:06:17,165 - INC_Publicidade - INFO - [start_application:581] - Conexão Oracle: localhost:1521/XEPDB1
2025-11-03 00:06:17,370 - INC_Publicidade - INFO - [__init__:27] - SearchEngine inicializado
2025-11-03 00:06:17,370 - INC_Publicidade - INFO - [integrar_pesquisa:24] - ✅ Motor de pesquisa inicializado com sucesso
2025-11-03 00:06:17,370 - INC_Publicidade - INFO - [integrar_pesquisa:52] - ✅ Sistema de pesquisa integrado com sucesso
2025-11-03 00:06:17,370 - INC_Publicidade - INFO - [__init__:150] - ✅ Sistema de pesquisa integrado
2025-11-03 00:06:17,414 - INC_Publicidade - DEBUG - [wrapper:58] - Iniciando: _create_interface
2025-11-03 00:06:17,414 - INC_Publicidade - DEBUG - [wrapper:58] - Iniciando: _create_sidebar
2025-11-03 00:06:17,450 - INC_Publicidade - DEBUG - [wrapper:58] - Iniciando: execute_query
2025-11-03 00:06:17,452 - INC_Publicidade - DEBUG - [execute_query:71] - Query retornou 1 linhas
2025-11-03 00:06:17,452 - INC_Publicidade - DEBUG - [wrapper:61] - Sucesso: execute_query
2025-11-03 00:06:17,452 - INC_Publicidade - DEBUG - [wrapper:58] - Iniciando: execute_query
2025-11-03 00:06:17,452 - INC_Publicidade - DEBUG - [execute_query:71] - Query retornou 1 linhas
2025-11-03 00:06:17,452 - INC_Publicidade - DEBUG - [wrapper:61] - Sucesso: execute_query
2025-11-03 00:06:17,582 - INC_Publicidade - DEBUG - [wrapper:61] - Sucesso: _create_sidebar
2025-11-03 00:06:17,582 - INC_Publicidade - DEBUG - [wrapper:58] - Iniciando: _create_header
2025-11-03 00:06:17,614 - INC_Publicidade - DEBUG - [wrapper:61] - Sucesso: _create_header
2025-11-03 00:06:17,614 - INC_Publicidade - DEBUG - [wrapper:58] - Iniciando: _create_main_content
2025-11-03 00:06:17,615 - INC_Publicidade - DEBUG - [wrapper:61] - Sucesso: _create_main_content
2025-11-03 00:06:17,615 - INC_Publicidade - DEBUG - [wrapper:61] - Sucesso: _create_interface
2025-11-03 00:06:17,615 - INC_Publicidade - DEBUG - [wrapper:58] - Iniciando: execute_query
2025-11-03 00:06:17,615 - INC_Publicidade - DEBUG - [execute_query:71] - Query retornou 1 linhas
2025-11-03 00:06:17,615 - INC_Publicidade - DEBUG - [wrapper:61] - Sucesso: execute_query
2025-11-03 00:06:23,781 - INC_Publicidade - DEBUG - [wrapper:58] - Iniciando: show_dashboard
2025-11-03 00:06:23,808 - INC_Publicidade - DEBUG - [wrapper:58] - Iniciando: execute_query
2025-11-03 00:06:23,809 - INC_Publicidade - DEBUG - [execute_query:71] - Query retornou 1 linhas
2025-11-03 00:06:23,809 - INC_Publicidade - DEBUG - [wrapper:61] - Sucesso: execute_query
2025-11-03 00:06:23,809 - INC_Publicidade - DEBUG - [wrapper:58] - Iniciando: execute_query
2025-11-03 00:06:23,810 - INC_Publicidade - DEBUG - [execute_query:71] - Query retornou 1 linhas
2025-11-03 00:06:23,810 - INC_Publicidade - DEBUG - [wrapper:61] - Sucesso: execute_query
2025-11-03 00:06:23,990 - INC_Publicidade - DEBUG - [wrapper:58] - Iniciando: execute_query
2025-11-03 00:06:23,991 - INC_Publicidade - DEBUG - [execute_query:71] - Query retornou 1 linhas
2025-11-03 00:06:23,991 - INC_Publicidade - DEBUG - [wrapper:61] - Sucesso: execute_query
2025-11-03 00:06:23,991 - INC_Publicidade - DEBUG - [wrapper:58] - Iniciando: execute_query
2025-11-03 00:06:23,992 - INC_Publicidade - DEBUG - [execute_query:71] - Query retornou 0 linhas
2025-11-03 00:06:23,992 - INC_Publicidade - DEBUG - [wrapper:61] - Sucesso: execute_query
2025-11-03 00:06:23,993 - INC_Publicidade - DEBUG - [wrapper:61] - Sucesso: show_dashboard
2025-11-03 00:06:24,044 - INC_Publicidade - ERROR - [wrapper:81] - Erro em enhanced_show_dashboard: 'dark_hover'
2025-11-03 00:06:24,044 - INC_Publicidade - ERROR - [wrapper:82] - Traceback (most recent call last):
  File "/home/ngalejunior/PycharmProjects/BaseDados/logger_config.py", line 79, in wrapper
    return func(*args, **kwargs)
  File "/home/ngalejunior/PycharmProjects/BaseDados/search_integration.py", line 41, in enhanced_show_dashboard
    adicionar_barra_pesquisa(main_app_instance)
  File "/home/ngalejunior/PycharmProjects/BaseDados/search_integration.py", line 75, in adicionar_barra_pesquisa
    search_bar = ModernSearchBar(
  File "/home/ngalejunior/PycharmProjects/BaseDados/search_widget.py", line 40, in __init__
    self._create_widgets(placeholder)
  File "/home/ngalejunior/PycharmProjects/BaseDados/search_widget.py", line 88, in _create_widgets
    hover_color=COLORS['dark_hover'],
KeyError: 'dark_hover'

2025-11-03 00:06:29,430 - INC_Publicidade - DEBUG - [wrapper:58] - Iniciando: create_interface
2025-11-03 00:06:29,460 - INC_Publicidade - DEBUG - [wrapper:58] - Iniciando: create_toolbar
2025-11-03 00:06:29,514 - INC_Publicidade - DEBUG - [wrapper:61] - Sucesso: create_toolbar
2025-11-03 00:06:29,514 - INC_Publicidade - DEBUG - [wrapper:58] - Iniciando: create_anunciantes_table
2025-11-03 00:06:29,542 - INC_Publicidade - DEBUG - [wrapper:58] - Iniciando: create_treeview
2025-11-03 00:06:29,547 - INC_Publicidade - DEBUG - [wrapper:61] - Sucesso: create_treeview
2025-11-03 00:06:29,548 - INC_Publicidade - DEBUG - [wrapper:61] - Sucesso: create_anunciantes_table
2025-11-03 00:06:29,548 - INC_Publicidade - DEBUG - [wrapper:61] - Sucesso: create_interface
2025-11-03 00:06:29,548 - INC_Publicidade - DEBUG - [wrapper:58] - Iniciando: execute_query
2025-11-03 00:06:29,552 - INC_Publicidade - DEBUG - [execute_query:71] - Query retornou 5 linhas
2025-11-03 00:06:29,552 - INC_Publicidade - DEBUG - [wrapper:61] - Sucesso: execute_query
2025-11-03 00:06:29,552 - INC_Publicidade - INFO - [load_data:149] - Carregados 5 anunciantes
2025-11-03 00:06:31,690 - INC_Publicidade - DEBUG - [wrapper:58] - Iniciando: create_interface
2025-11-03 00:06:31,710 - INC_Publicidade - DEBUG - [wrapper:58] - Iniciando: create_toolbar
2025-11-03 00:06:31,767 - INC_Publicidade - DEBUG - [wrapper:61] - Sucesso: create_toolbar
2025-11-03 00:06:31,767 - INC_Publicidade - DEBUG - [wrapper:58] - Iniciando: create_campanhas_table
2025-11-03 00:06:31,795 - INC_Publicidade - DEBUG - [wrapper:58] - Iniciando: create_treeview
2025-11-03 00:06:31,800 - INC_Publicidade - DEBUG - [wrapper:61] - Sucesso: create_treeview
2025-11-03 00:06:31,801 - INC_Publicidade - DEBUG - [wrapper:61] - Sucesso: create_campanhas_table
2025-11-03 00:06:31,801 - INC_Publicidade - DEBUG - [wrapper:61] - Sucesso: create_interface
2025-11-03 00:06:31,801 - INC_Publicidade - DEBUG - [wrapper:58] - Iniciando: execute_query
2025-11-03 00:06:31,805 - INC_Publicidade - DEBUG - [execute_query:71] - Query retornou 5 linhas
2025-11-03 00:06:31,805 - INC_Publicidade - DEBUG - [wrapper:61] - Sucesso: execute_query
2025-11-03 00:06:31,806 - INC_Publicidade - INFO - [load_data:123] - Carregadas 5 campanhas
2025-11-03 00:06:35,425 - INC_Publicidade - INFO - [close:106] - Conexão Oracle fechada
