2025-11-03 11:54:23,371 - INC_Publicidade - DEBUG - [wrapper:58] - Iniciando: connect
2025-11-03 11:54:23,371 - INC_Publicidade - INFO - [connect:24] - Iniciando conexão Oracle...
2025-11-03 11:54:23,415 - INC_Publicidade - INFO - [connect:39] - Conexão Oracle estabelecida com sucesso!
2025-11-03 11:54:23,415 - INC_Publicidade - DEBUG - [wrapper:61] - Sucesso: connect
2025-11-03 11:54:23,416 - INC_Publicidade - INFO - [start_application:637] - Iniciando Sistema de Gestão de Publicidade...
2025-11-03 11:54:23,416 - INC_Publicidade - INFO - [start_application:638] - Conexão Oracle: localhost:1521/XEPDB1
2025-11-03 11:54:23,620 - INC_Publicidade - INFO - [__init__:27] - SearchEngine inicializado
2025-11-03 11:54:23,620 - INC_Publicidade - INFO - [integrar_pesquisa:21] - ✅ Motor de pesquisa inicializado com sucesso
2025-11-03 11:54:23,620 - INC_Publicidade - INFO - [integrar_pesquisa:28] - ✅ Sistema de pesquisa integrado com sucesso
2025-11-03 11:54:23,620 - INC_Publicidade - INFO - [__init__:151] - ✅ Sistema de pesquisa integrado
2025-11-03 11:54:23,657 - INC_Publicidade - DEBUG - [wrapper:58] - Iniciando: _create_interface
2025-11-03 11:54:23,657 - INC_Publicidade - DEBUG - [wrapper:58] - Iniciando: _create_sidebar
2025-11-03 11:54:23,711 - INC_Publicidade - DEBUG - [wrapper:58] - Iniciando: execute_query
2025-11-03 11:54:23,712 - INC_Publicidade - DEBUG - [execute_query:71] - Query retornou 1 linhas
2025-11-03 11:54:23,712 - INC_Publicidade - DEBUG - [wrapper:61] - Sucesso: execute_query
2025-11-03 11:54:23,712 - INC_Publicidade - DEBUG - [wrapper:58] - Iniciando: execute_query
2025-11-03 11:54:23,713 - INC_Publicidade - DEBUG - [execute_query:71] - Query retornou 1 linhas
2025-11-03 11:54:23,713 - INC_Publicidade - DEBUG - [wrapper:61] - Sucesso: execute_query
2025-11-03 11:54:23,837 - INC_Publicidade - DEBUG - [wrapper:61] - Sucesso: _create_sidebar
2025-11-03 11:54:23,837 - INC_Publicidade - DEBUG - [wrapper:58] - Iniciando: _create_header
2025-11-03 11:54:23,870 - INC_Publicidade - DEBUG - [wrapper:61] - Sucesso: _create_header
2025-11-03 11:54:23,871 - INC_Publicidade - DEBUG - [wrapper:58] - Iniciando: _create_main_content
2025-11-03 11:54:23,871 - INC_Publicidade - DEBUG - [wrapper:61] - Sucesso: _create_main_content
2025-11-03 11:54:23,871 - INC_Publicidade - DEBUG - [wrapper:61] - Sucesso: _create_interface
2025-11-03 11:54:23,871 - INC_Publicidade - DEBUG - [wrapper:58] - Iniciando: execute_query
2025-11-03 11:54:23,872 - INC_Publicidade - DEBUG - [execute_query:71] - Query retornou 1 linhas
2025-11-03 11:54:23,872 - INC_Publicidade - DEBUG - [wrapper:61] - Sucesso: execute_query
2025-11-03 11:54:30,154 - INC_Publicidade - DEBUG - [wrapper:58] - Iniciando: create_interface
2025-11-03 11:54:30,198 - INC_Publicidade - DEBUG - [wrapper:58] - Iniciando: create_toolbar
2025-11-03 11:54:30,251 - INC_Publicidade - DEBUG - [wrapper:61] - Sucesso: create_toolbar
2025-11-03 11:54:30,251 - INC_Publicidade - DEBUG - [wrapper:58] - Iniciando: create_anunciantes_table
2025-11-03 11:54:30,277 - INC_Publicidade - DEBUG - [wrapper:58] - Iniciando: create_treeview
2025-11-03 11:54:30,281 - INC_Publicidade - DEBUG - [wrapper:61] - Sucesso: create_treeview
2025-11-03 11:54:30,282 - INC_Publicidade - DEBUG - [wrapper:61] - Sucesso: create_anunciantes_table
2025-11-03 11:54:30,282 - INC_Publicidade - DEBUG - [wrapper:61] - Sucesso: create_interface
2025-11-03 11:54:30,282 - INC_Publicidade - DEBUG - [wrapper:58] - Iniciando: execute_query
2025-11-03 11:54:30,283 - INC_Publicidade - DEBUG - [execute_query:71] - Query retornou 5 linhas
2025-11-03 11:54:30,283 - INC_Publicidade - DEBUG - [wrapper:61] - Sucesso: execute_query
2025-11-03 11:54:30,283 - INC_Publicidade - INFO - [load_data:149] - Carregados 5 anunciantes
2025-11-03 11:57:03,173 - INC_Publicidade - DEBUG - [wrapper:58] - Iniciando: execute_query
2025-11-03 11:57:03,197 - INC_Publicidade - ERROR - [execute_query:79] - Erro de banco de dados: ORA-01400: cannot insert NULL into ("GESTAO_PUBLICIDADE"."ANUNCIANTE_DADOS"."PREF_COM")
2025-11-03 11:57:03,206 - INC_Publicidade - DEBUG - [wrapper:61] - Sucesso: execute_query
2025-11-03 11:57:03,254 - INC_Publicidade - DEBUG - [wrapper:58] - Iniciando: execute_query
2025-11-03 11:57:03,255 - INC_Publicidade - DEBUG - [execute_query:71] - Query retornou 5 linhas
2025-11-03 11:57:03,255 - INC_Publicidade - DEBUG - [wrapper:61] - Sucesso: execute_query
2025-11-03 11:57:03,256 - INC_Publicidade - INFO - [load_data:149] - Carregados 5 anunciantes
