2025-11-03 12:15:51,391 - INC_Publicidade - DEBUG - [wrapper:58] - Iniciando: connect
2025-11-03 12:15:51,391 - INC_Publicidade - INFO - [connect:24] - Iniciando conexão Oracle...
2025-11-03 12:15:51,440 - INC_Publicidade - INFO - [connect:39] - Conexão Oracle estabelecida com sucesso!
2025-11-03 12:15:51,440 - INC_Publicidade - DEBUG - [wrapper:61] - Sucesso: connect
2025-11-03 12:15:51,441 - INC_Publicidade - INFO - [start_application:637] - Iniciando Sistema de Gestão de Publicidade...
2025-11-03 12:15:51,441 - INC_Publicidade - INFO - [start_application:638] - Conexão Oracle: localhost:1521/XEPDB1
2025-11-03 12:15:51,646 - INC_Publicidade - INFO - [__init__:27] - SearchEngine inicializado
2025-11-03 12:15:51,646 - INC_Publicidade - INFO - [integrar_pesquisa:21] - ✅ Motor de pesquisa inicializado com sucesso
2025-11-03 12:15:51,646 - INC_Publicidade - INFO - [integrar_pesquisa:28] - ✅ Sistema de pesquisa integrado com sucesso
2025-11-03 12:15:51,646 - INC_Publicidade - INFO - [__init__:151] - ✅ Sistema de pesquisa integrado
2025-11-03 12:15:51,684 - INC_Publicidade - DEBUG - [wrapper:58] - Iniciando: _create_interface
2025-11-03 12:15:51,684 - INC_Publicidade - DEBUG - [wrapper:58] - Iniciando: _create_sidebar
2025-11-03 12:15:51,723 - INC_Publicidade - DEBUG - [wrapper:58] - Iniciando: execute_query
2025-11-03 12:15:51,724 - INC_Publicidade - DEBUG - [execute_query:71] - Query retornou 1 linhas
2025-11-03 12:15:51,724 - INC_Publicidade - DEBUG - [wrapper:61] - Sucesso: execute_query
2025-11-03 12:15:51,724 - INC_Publicidade - DEBUG - [wrapper:58] - Iniciando: execute_query
2025-11-03 12:15:51,725 - INC_Publicidade - DEBUG - [execute_query:71] - Query retornou 1 linhas
2025-11-03 12:15:51,725 - INC_Publicidade - DEBUG - [wrapper:61] - Sucesso: execute_query
2025-11-03 12:15:51,869 - INC_Publicidade - DEBUG - [wrapper:61] - Sucesso: _create_sidebar
2025-11-03 12:15:51,869 - INC_Publicidade - DEBUG - [wrapper:58] - Iniciando: _create_header
2025-11-03 12:15:51,904 - INC_Publicidade - DEBUG - [wrapper:61] - Sucesso: _create_header
2025-11-03 12:15:51,904 - INC_Publicidade - DEBUG - [wrapper:58] - Iniciando: _create_main_content
2025-11-03 12:15:51,904 - INC_Publicidade - DEBUG - [wrapper:61] - Sucesso: _create_main_content
2025-11-03 12:15:51,904 - INC_Publicidade - DEBUG - [wrapper:61] - Sucesso: _create_interface
2025-11-03 12:15:51,904 - INC_Publicidade - DEBUG - [wrapper:58] - Iniciando: execute_query
2025-11-03 12:15:51,905 - INC_Publicidade - DEBUG - [execute_query:71] - Query retornou 1 linhas
2025-11-03 12:15:51,905 - INC_Publicidade - DEBUG - [wrapper:61] - Sucesso: execute_query
2025-11-03 12:15:57,611 - INC_Publicidade - DEBUG - [wrapper:58] - Iniciando: create_interface
2025-11-03 12:15:57,641 - INC_Publicidade - DEBUG - [wrapper:58] - Iniciando: create_toolbar
2025-11-03 12:15:57,694 - INC_Publicidade - DEBUG - [wrapper:61] - Sucesso: create_toolbar
2025-11-03 12:15:57,694 - INC_Publicidade - DEBUG - [wrapper:58] - Iniciando: create_anunciantes_table
2025-11-03 12:15:57,721 - INC_Publicidade - DEBUG - [wrapper:58] - Iniciando: create_treeview
2025-11-03 12:15:57,726 - INC_Publicidade - DEBUG - [wrapper:61] - Sucesso: create_treeview
2025-11-03 12:15:57,726 - INC_Publicidade - DEBUG - [wrapper:61] - Sucesso: create_anunciantes_table
2025-11-03 12:15:57,726 - INC_Publicidade - DEBUG - [wrapper:61] - Sucesso: create_interface
2025-11-03 12:15:57,726 - INC_Publicidade - DEBUG - [wrapper:58] - Iniciando: execute_query
2025-11-03 12:15:57,727 - INC_Publicidade - DEBUG - [execute_query:71] - Query retornou 5 linhas
2025-11-03 12:15:57,727 - INC_Publicidade - DEBUG - [wrapper:61] - Sucesso: execute_query
2025-11-03 12:15:57,727 - INC_Publicidade - INFO - [load_data:149] - Carregados 5 anunciantes
2025-11-03 12:16:52,700 - INC_Publicidade - DEBUG - [wrapper:58] - Iniciando: execute_query
2025-11-03 12:16:52,730 - INC_Publicidade - ERROR - [execute_query:79] - Erro de banco de dados: ORA-02290: check constraint (GESTAO_PUBLICIDADE.SYS_C008231) violated
2025-11-03 12:16:52,731 - INC_Publicidade - DEBUG - [wrapper:61] - Sucesso: execute_query
2025-11-03 12:16:52,776 - INC_Publicidade - DEBUG - [wrapper:58] - Iniciando: execute_query
2025-11-03 12:16:52,777 - INC_Publicidade - DEBUG - [execute_query:71] - Query retornou 5 linhas
2025-11-03 12:16:52,777 - INC_Publicidade - DEBUG - [wrapper:61] - Sucesso: execute_query
2025-11-03 12:16:52,778 - INC_Publicidade - INFO - [load_data:149] - Carregados 5 anunciantes
2025-11-03 12:26:43,161 - INC_Publicidade - DEBUG - [wrapper:58] - Iniciando: create_interface
2025-11-03 12:26:43,192 - INC_Publicidade - DEBUG - [wrapper:58] - Iniciando: create_toolbar
2025-11-03 12:26:43,252 - INC_Publicidade - DEBUG - [wrapper:61] - Sucesso: create_toolbar
2025-11-03 12:26:43,252 - INC_Publicidade - DEBUG - [wrapper:58] - Iniciando: create_anunciantes_table
2025-11-03 12:26:43,290 - INC_Publicidade - DEBUG - [wrapper:58] - Iniciando: create_treeview
2025-11-03 12:26:43,296 - INC_Publicidade - DEBUG - [wrapper:61] - Sucesso: create_treeview
2025-11-03 12:26:43,296 - INC_Publicidade - DEBUG - [wrapper:61] - Sucesso: create_anunciantes_table
2025-11-03 12:26:43,296 - INC_Publicidade - DEBUG - [wrapper:61] - Sucesso: create_interface
2025-11-03 12:26:43,296 - INC_Publicidade - DEBUG - [wrapper:58] - Iniciando: execute_query
2025-11-03 12:26:43,297 - INC_Publicidade - DEBUG - [execute_query:71] - Query retornou 5 linhas
2025-11-03 12:26:43,297 - INC_Publicidade - DEBUG - [wrapper:61] - Sucesso: execute_query
2025-11-03 12:26:43,297 - INC_Publicidade - INFO - [load_data:149] - Carregados 5 anunciantes
