2025-11-03 00:23:49,078 - INC_Publicidade - DEBUG - [wrapper:58] - Iniciando: connect
2025-11-03 00:23:49,078 - INC_Publicidade - INFO - [connect:24] - Iniciando conexão Oracle...
2025-11-03 00:23:49,131 - INC_Publicidade - INFO - [connect:39] - Conexão Oracle estabelecida com sucesso!
2025-11-03 00:23:49,131 - INC_Publicidade - DEBUG - [wrapper:61] - Sucesso: connect
2025-11-03 00:23:49,132 - INC_Publicidade - INFO - [start_application:602] - Iniciando Sistema de Gestão de Publicidade...
2025-11-03 00:23:49,132 - INC_Publicidade - INFO - [start_application:603] - Conexão Oracle: localhost:1521/XEPDB1
2025-11-03 00:23:49,344 - INC_Publicidade - INFO - [__init__:27] - SearchEngine inicializado
2025-11-03 00:23:49,344 - INC_Publicidade - INFO - [integrar_pesquisa:24] - ✅ Motor de pesquisa inicializado com sucesso
2025-11-03 00:23:49,345 - INC_Publicidade - INFO - [integrar_pesquisa:52] - ✅ Sistema de pesquisa integrado com sucesso
2025-11-03 00:23:49,345 - INC_Publicidade - INFO - [__init__:150] - ✅ Sistema de pesquisa integrado
2025-11-03 00:23:49,394 - INC_Publicidade - DEBUG - [wrapper:58] - Iniciando: _create_interface
2025-11-03 00:23:49,394 - INC_Publicidade - DEBUG - [wrapper:58] - Iniciando: _create_sidebar
2025-11-03 00:23:49,435 - INC_Publicidade - DEBUG - [wrapper:58] - Iniciando: execute_query
2025-11-03 00:23:49,436 - INC_Publicidade - DEBUG - [execute_query:71] - Query retornou 1 linhas
2025-11-03 00:23:49,436 - INC_Publicidade - DEBUG - [wrapper:61] - Sucesso: execute_query
2025-11-03 00:23:49,436 - INC_Publicidade - DEBUG - [wrapper:58] - Iniciando: execute_query
2025-11-03 00:23:49,437 - INC_Publicidade - DEBUG - [execute_query:71] - Query retornou 1 linhas
2025-11-03 00:23:49,437 - INC_Publicidade - DEBUG - [wrapper:61] - Sucesso: execute_query
2025-11-03 00:23:49,586 - INC_Publicidade - DEBUG - [wrapper:61] - Sucesso: _create_sidebar
2025-11-03 00:23:49,586 - INC_Publicidade - DEBUG - [wrapper:58] - Iniciando: _create_header
2025-11-03 00:23:49,622 - INC_Publicidade - DEBUG - [wrapper:61] - Sucesso: _create_header
2025-11-03 00:23:49,622 - INC_Publicidade - DEBUG - [wrapper:58] - Iniciando: _create_main_content
2025-11-03 00:23:49,622 - INC_Publicidade - DEBUG - [wrapper:61] - Sucesso: _create_main_content
2025-11-03 00:23:49,622 - INC_Publicidade - DEBUG - [wrapper:61] - Sucesso: _create_interface
2025-11-03 00:23:49,622 - INC_Publicidade - DEBUG - [wrapper:58] - Iniciando: execute_query
2025-11-03 00:23:49,623 - INC_Publicidade - DEBUG - [execute_query:71] - Query retornou 1 linhas
2025-11-03 00:23:49,623 - INC_Publicidade - DEBUG - [wrapper:61] - Sucesso: execute_query
2025-11-03 00:23:56,511 - INC_Publicidade - DEBUG - [wrapper:58] - Iniciando: show_dashboard
2025-11-03 00:23:56,511 - INC_Publicidade - DEBUG - [wrapper:58] - Iniciando: show_dashboard
2025-11-03 00:23:56,620 - INC_Publicidade - INFO - [show_dashboard:332] - ✅ Barra de pesquisa adicionada ao dashboard
2025-11-03 00:23:56,640 - INC_Publicidade - DEBUG - [wrapper:58] - Iniciando: execute_query
2025-11-03 00:23:56,641 - INC_Publicidade - DEBUG - [execute_query:71] - Query retornou 1 linhas
2025-11-03 00:23:56,641 - INC_Publicidade - DEBUG - [wrapper:61] - Sucesso: execute_query
2025-11-03 00:23:56,641 - INC_Publicidade - DEBUG - [wrapper:58] - Iniciando: execute_query
2025-11-03 00:23:56,642 - INC_Publicidade - DEBUG - [execute_query:71] - Query retornou 1 linhas
2025-11-03 00:23:56,642 - INC_Publicidade - DEBUG - [wrapper:61] - Sucesso: execute_query
2025-11-03 00:23:56,801 - INC_Publicidade - DEBUG - [wrapper:58] - Iniciando: execute_query
2025-11-03 00:23:56,802 - INC_Publicidade - DEBUG - [execute_query:71] - Query retornou 1 linhas
2025-11-03 00:23:56,802 - INC_Publicidade - DEBUG - [wrapper:61] - Sucesso: execute_query
2025-11-03 00:23:56,802 - INC_Publicidade - DEBUG - [wrapper:58] - Iniciando: execute_query
2025-11-03 00:23:56,802 - INC_Publicidade - DEBUG - [execute_query:71] - Query retornou 0 linhas
2025-11-03 00:23:56,802 - INC_Publicidade - DEBUG - [wrapper:61] - Sucesso: execute_query
2025-11-03 00:23:56,803 - INC_Publicidade - DEBUG - [wrapper:61] - Sucesso: show_dashboard
2025-11-03 00:23:56,803 - INC_Publicidade - DEBUG - [wrapper:61] - Sucesso: show_dashboard
2025-11-03 00:23:56,852 - INC_Publicidade - INFO - [adicionar_barra_pesquisa:89] - ✅ Barra de pesquisa adicionada ao dashboard
2025-11-03 00:23:59,510 - INC_Publicidade - DEBUG - [wrapper:58] - Iniciando: create_interface
2025-11-03 00:23:59,543 - INC_Publicidade - DEBUG - [wrapper:58] - Iniciando: create_toolbar
2025-11-03 00:23:59,619 - INC_Publicidade - DEBUG - [wrapper:61] - Sucesso: create_toolbar
2025-11-03 00:23:59,619 - INC_Publicidade - DEBUG - [wrapper:58] - Iniciando: create_anunciantes_table
2025-11-03 00:23:59,647 - INC_Publicidade - DEBUG - [wrapper:58] - Iniciando: create_treeview
2025-11-03 00:23:59,652 - INC_Publicidade - DEBUG - [wrapper:61] - Sucesso: create_treeview
2025-11-03 00:23:59,652 - INC_Publicidade - DEBUG - [wrapper:61] - Sucesso: create_anunciantes_table
2025-11-03 00:23:59,652 - INC_Publicidade - DEBUG - [wrapper:61] - Sucesso: create_interface
2025-11-03 00:23:59,652 - INC_Publicidade - DEBUG - [wrapper:58] - Iniciando: execute_query
2025-11-03 00:23:59,653 - INC_Publicidade - DEBUG - [execute_query:71] - Query retornou 5 linhas
2025-11-03 00:23:59,653 - INC_Publicidade - DEBUG - [wrapper:61] - Sucesso: execute_query
2025-11-03 00:23:59,653 - INC_Publicidade - INFO - [load_data:149] - Carregados 5 anunciantes
2025-11-03 00:24:05,885 - INC_Publicidade - DEBUG - [wrapper:58] - Iniciando: show_dashboard
2025-11-03 00:24:05,885 - INC_Publicidade - DEBUG - [wrapper:58] - Iniciando: show_dashboard
2025-11-03 00:24:06,025 - INC_Publicidade - INFO - [show_dashboard:332] - ✅ Barra de pesquisa adicionada ao dashboard
2025-11-03 00:24:06,047 - INC_Publicidade - DEBUG - [wrapper:58] - Iniciando: execute_query
2025-11-03 00:24:06,048 - INC_Publicidade - DEBUG - [execute_query:71] - Query retornou 1 linhas
2025-11-03 00:24:06,048 - INC_Publicidade - DEBUG - [wrapper:61] - Sucesso: execute_query
2025-11-03 00:24:06,048 - INC_Publicidade - DEBUG - [wrapper:58] - Iniciando: execute_query
2025-11-03 00:24:06,048 - INC_Publicidade - DEBUG - [execute_query:71] - Query retornou 1 linhas
2025-11-03 00:24:06,048 - INC_Publicidade - DEBUG - [wrapper:61] - Sucesso: execute_query
2025-11-03 00:24:06,209 - INC_Publicidade - DEBUG - [wrapper:58] - Iniciando: execute_query
2025-11-03 00:24:06,210 - INC_Publicidade - DEBUG - [execute_query:71] - Query retornou 1 linhas
2025-11-03 00:24:06,210 - INC_Publicidade - DEBUG - [wrapper:61] - Sucesso: execute_query
2025-11-03 00:24:06,210 - INC_Publicidade - DEBUG - [wrapper:58] - Iniciando: execute_query
2025-11-03 00:24:06,210 - INC_Publicidade - DEBUG - [execute_query:71] - Query retornou 0 linhas
2025-11-03 00:24:06,211 - INC_Publicidade - DEBUG - [wrapper:61] - Sucesso: execute_query
2025-11-03 00:24:06,211 - INC_Publicidade - DEBUG - [wrapper:61] - Sucesso: show_dashboard
2025-11-03 00:24:06,211 - INC_Publicidade - DEBUG - [wrapper:61] - Sucesso: show_dashboard
2025-11-03 00:24:06,259 - INC_Publicidade - INFO - [adicionar_barra_pesquisa:89] - ✅ Barra de pesquisa adicionada ao dashboard
