2025-11-03 12:43:00,344 - INC_Publicidade - DEBUG - [wrapper:58] - Iniciando: connect
2025-11-03 12:43:00,344 - INC_Publicidade - INFO - [connect:24] - Iniciando conexão Oracle...
2025-11-03 12:43:00,398 - INC_Publicidade - INFO - [connect:39] - Conexão Oracle estabelecida com sucesso!
2025-11-03 12:43:00,398 - INC_Publicidade - DEBUG - [wrapper:61] - Sucesso: connect
2025-11-03 12:43:00,399 - INC_Publicidade - INFO - [start_application:637] - Iniciando Sistema de Gestão de Publicidade...
2025-11-03 12:43:00,400 - INC_Publicidade - INFO - [start_application:638] - Conexão Oracle: localhost:1521/XEPDB1
2025-11-03 12:43:00,626 - INC_Publicidade - INFO - [__init__:27] - SearchEngine inicializado
2025-11-03 12:43:00,626 - INC_Publicidade - INFO - [integrar_pesquisa:21] - ✅ Motor de pesquisa inicializado com sucesso
2025-11-03 12:43:00,626 - INC_Publicidade - INFO - [integrar_pesquisa:28] - ✅ Sistema de pesquisa integrado com sucesso
2025-11-03 12:43:00,626 - INC_Publicidade - INFO - [__init__:151] - ✅ Sistema de pesquisa integrado
2025-11-03 12:43:00,669 - INC_Publicidade - DEBUG - [wrapper:58] - Iniciando: _create_interface
2025-11-03 12:43:00,669 - INC_Publicidade - DEBUG - [wrapper:58] - Iniciando: _create_sidebar
2025-11-03 12:43:00,710 - INC_Publicidade - DEBUG - [wrapper:58] - Iniciando: execute_query
2025-11-03 12:43:00,713 - INC_Publicidade - DEBUG - [execute_query:71] - Query retornou 1 linhas
2025-11-03 12:43:00,713 - INC_Publicidade - DEBUG - [wrapper:61] - Sucesso: execute_query
2025-11-03 12:43:00,713 - INC_Publicidade - DEBUG - [wrapper:58] - Iniciando: execute_query
2025-11-03 12:43:00,713 - INC_Publicidade - DEBUG - [execute_query:71] - Query retornou 1 linhas
2025-11-03 12:43:00,713 - INC_Publicidade - DEBUG - [wrapper:61] - Sucesso: execute_query
2025-11-03 12:43:00,854 - INC_Publicidade - DEBUG - [wrapper:61] - Sucesso: _create_sidebar
2025-11-03 12:43:00,854 - INC_Publicidade - DEBUG - [wrapper:58] - Iniciando: _create_header
2025-11-03 12:43:00,888 - INC_Publicidade - DEBUG - [wrapper:61] - Sucesso: _create_header
2025-11-03 12:43:00,888 - INC_Publicidade - DEBUG - [wrapper:58] - Iniciando: _create_main_content
2025-11-03 12:43:00,889 - INC_Publicidade - DEBUG - [wrapper:61] - Sucesso: _create_main_content
2025-11-03 12:43:00,889 - INC_Publicidade - DEBUG - [wrapper:61] - Sucesso: _create_interface
2025-11-03 12:43:00,889 - INC_Publicidade - DEBUG - [wrapper:58] - Iniciando: execute_query
2025-11-03 12:43:00,889 - INC_Publicidade - DEBUG - [execute_query:71] - Query retornou 1 linhas
2025-11-03 12:43:00,889 - INC_Publicidade - DEBUG - [wrapper:61] - Sucesso: execute_query
2025-11-03 12:43:14,382 - INC_Publicidade - DEBUG - [wrapper:58] - Iniciando: create_interface
2025-11-03 12:43:14,417 - INC_Publicidade - DEBUG - [wrapper:58] - Iniciando: create_toolbar
2025-11-03 12:43:14,472 - INC_Publicidade - DEBUG - [wrapper:61] - Sucesso: create_toolbar
2025-11-03 12:43:14,472 - INC_Publicidade - DEBUG - [wrapper:58] - Iniciando: create_anunciantes_table
2025-11-03 12:43:14,499 - INC_Publicidade - DEBUG - [wrapper:58] - Iniciando: create_treeview
2025-11-03 12:43:14,503 - INC_Publicidade - DEBUG - [wrapper:61] - Sucesso: create_treeview
2025-11-03 12:43:14,503 - INC_Publicidade - DEBUG - [wrapper:61] - Sucesso: create_anunciantes_table
2025-11-03 12:43:14,503 - INC_Publicidade - DEBUG - [wrapper:61] - Sucesso: create_interface
2025-11-03 12:43:14,504 - INC_Publicidade - DEBUG - [wrapper:58] - Iniciando: execute_query
2025-11-03 12:43:14,504 - INC_Publicidade - DEBUG - [execute_query:71] - Query retornou 5 linhas
2025-11-03 12:43:14,505 - INC_Publicidade - DEBUG - [wrapper:61] - Sucesso: execute_query
2025-11-03 12:43:14,505 - INC_Publicidade - INFO - [load_data:150] - Carregados 5 anunciantes
