2025-11-03 01:32:01,658 - INC_Publicidade - DEBUG - [wrapper:58] - Iniciando: connect
2025-11-03 01:32:01,658 - INC_Publicidade - INFO - [connect:24] - Iniciando conexão Oracle...
2025-11-03 01:32:01,716 - INC_Publicidade - INFO - [connect:39] - Conexão Oracle estabelecida com sucesso!
2025-11-03 01:32:01,716 - INC_Publicidade - DEBUG - [wrapper:61] - Sucesso: connect
2025-11-03 01:32:01,717 - INC_Publicidade - INFO - [start_application:637] - Iniciando Sistema de Gestão de Publicidade...
2025-11-03 01:32:01,717 - INC_Publicidade - INFO - [start_application:638] - Conexão Oracle: localhost:1521/XEPDB1
2025-11-03 01:32:01,929 - INC_Publicidade - INFO - [__init__:27] - SearchEngine inicializado
2025-11-03 01:32:01,930 - INC_Publicidade - INFO - [integrar_pesquisa:21] - ✅ Motor de pesquisa inicializado com sucesso
2025-11-03 01:32:01,930 - INC_Publicidade - INFO - [integrar_pesquisa:28] - ✅ Sistema de pesquisa integrado com sucesso
2025-11-03 01:32:01,930 - INC_Publicidade - INFO - [__init__:151] - ✅ Sistema de pesquisa integrado
2025-11-03 01:32:01,975 - INC_Publicidade - DEBUG - [wrapper:58] - Iniciando: _create_interface
2025-11-03 01:32:01,975 - INC_Publicidade - DEBUG - [wrapper:58] - Iniciando: _create_sidebar
2025-11-03 01:32:02,015 - INC_Publicidade - DEBUG - [wrapper:58] - Iniciando: execute_query
2025-11-03 01:32:02,016 - INC_Publicidade - DEBUG - [execute_query:71] - Query retornou 1 linhas
2025-11-03 01:32:02,016 - INC_Publicidade - DEBUG - [wrapper:61] - Sucesso: execute_query
2025-11-03 01:32:02,016 - INC_Publicidade - DEBUG - [wrapper:58] - Iniciando: execute_query
2025-11-03 01:32:02,016 - INC_Publicidade - DEBUG - [execute_query:71] - Query retornou 1 linhas
2025-11-03 01:32:02,016 - INC_Publicidade - DEBUG - [wrapper:61] - Sucesso: execute_query
2025-11-03 01:32:02,174 - INC_Publicidade - DEBUG - [wrapper:61] - Sucesso: _create_sidebar
2025-11-03 01:32:02,174 - INC_Publicidade - DEBUG - [wrapper:58] - Iniciando: _create_header
2025-11-03 01:32:02,214 - INC_Publicidade - DEBUG - [wrapper:61] - Sucesso: _create_header
2025-11-03 01:32:02,215 - INC_Publicidade - DEBUG - [wrapper:58] - Iniciando: _create_main_content
2025-11-03 01:32:02,215 - INC_Publicidade - DEBUG - [wrapper:61] - Sucesso: _create_main_content
2025-11-03 01:32:02,215 - INC_Publicidade - DEBUG - [wrapper:61] - Sucesso: _create_interface
2025-11-03 01:32:02,215 - INC_Publicidade - DEBUG - [wrapper:58] - Iniciando: execute_query
2025-11-03 01:32:02,216 - INC_Publicidade - DEBUG - [execute_query:71] - Query retornou 1 linhas
2025-11-03 01:32:02,216 - INC_Publicidade - DEBUG - [wrapper:61] - Sucesso: execute_query
2025-11-03 01:32:07,413 - INC_Publicidade - INFO - [adicionar_barra_pesquisa_dashboard:68] - ✅ Barra de pesquisa adicionada ao dashboard
2025-11-03 01:32:07,435 - INC_Publicidade - DEBUG - [wrapper:58] - Iniciando: execute_query
2025-11-03 01:32:07,435 - INC_Publicidade - DEBUG - [execute_query:71] - Query retornou 1 linhas
2025-11-03 01:32:07,435 - INC_Publicidade - DEBUG - [wrapper:61] - Sucesso: execute_query
2025-11-03 01:32:07,435 - INC_Publicidade - DEBUG - [wrapper:58] - Iniciando: execute_query
2025-11-03 01:32:07,437 - INC_Publicidade - DEBUG - [execute_query:71] - Query retornou 1 linhas
2025-11-03 01:32:07,437 - INC_Publicidade - DEBUG - [wrapper:61] - Sucesso: execute_query
2025-11-03 01:32:07,657 - INC_Publicidade - DEBUG - [wrapper:58] - Iniciando: execute_query
2025-11-03 01:32:07,658 - INC_Publicidade - DEBUG - [execute_query:71] - Query retornou 1 linhas
2025-11-03 01:32:07,658 - INC_Publicidade - DEBUG - [wrapper:61] - Sucesso: execute_query
2025-11-03 01:32:07,658 - INC_Publicidade - DEBUG - [wrapper:58] - Iniciando: execute_query
2025-11-03 01:32:07,659 - INC_Publicidade - DEBUG - [execute_query:71] - Query retornou 0 linhas
2025-11-03 01:32:07,659 - INC_Publicidade - DEBUG - [wrapper:61] - Sucesso: execute_query
2025-11-03 01:32:20,245 - INC_Publicidade - DEBUG - [wrapper:58] - Iniciando: create_interface
2025-11-03 01:32:20,278 - INC_Publicidade - DEBUG - [wrapper:58] - Iniciando: create_toolbar
2025-11-03 01:32:20,376 - INC_Publicidade - DEBUG - [wrapper:61] - Sucesso: create_toolbar
2025-11-03 01:32:20,376 - INC_Publicidade - DEBUG - [wrapper:58] - Iniciando: create_campanhas_table
2025-11-03 01:32:20,423 - INC_Publicidade - DEBUG - [wrapper:58] - Iniciando: create_treeview
2025-11-03 01:32:20,433 - INC_Publicidade - DEBUG - [wrapper:61] - Sucesso: create_treeview
2025-11-03 01:32:20,433 - INC_Publicidade - DEBUG - [wrapper:61] - Sucesso: create_campanhas_table
2025-11-03 01:32:20,433 - INC_Publicidade - DEBUG - [wrapper:61] - Sucesso: create_interface
2025-11-03 01:32:20,433 - INC_Publicidade - DEBUG - [wrapper:58] - Iniciando: execute_query
2025-11-03 01:32:20,436 - INC_Publicidade - DEBUG - [execute_query:71] - Query retornou 5 linhas
2025-11-03 01:32:20,436 - INC_Publicidade - DEBUG - [wrapper:61] - Sucesso: execute_query
2025-11-03 01:32:20,436 - INC_Publicidade - INFO - [load_data:123] - Carregadas 5 campanhas
2025-11-03 01:32:25,066 - INC_Publicidade - DEBUG - [wrapper:58] - Iniciando: execute_query
2025-11-03 01:32:25,071 - INC_Publicidade - DEBUG - [execute_query:71] - Query retornou 5 linhas
2025-11-03 01:32:25,071 - INC_Publicidade - DEBUG - [wrapper:61] - Sucesso: execute_query
2025-11-03 01:35:25,781 - INC_Publicidade - DEBUG - [wrapper:58] - Iniciando: execute_query
2025-11-03 01:35:25,797 - INC_Publicidade - DEBUG - [execute_query:71] - Query retornou 1 linhas
2025-11-03 01:35:25,797 - INC_Publicidade - DEBUG - [wrapper:61] - Sucesso: execute_query
2025-11-03 01:35:25,797 - INC_Publicidade - DEBUG - [wrapper:58] - Iniciando: execute_query
2025-11-03 01:35:25,833 - INC_Publicidade - DEBUG - [execute_query:75] - Query executada e confirmada
2025-11-03 01:35:25,834 - INC_Publicidade - DEBUG - [wrapper:61] - Sucesso: execute_query
2025-11-03 01:35:29,635 - INC_Publicidade - DEBUG - [wrapper:58] - Iniciando: execute_query
2025-11-03 01:35:29,636 - INC_Publicidade - DEBUG - [execute_query:71] - Query retornou 6 linhas
2025-11-03 01:35:29,636 - INC_Publicidade - DEBUG - [wrapper:61] - Sucesso: execute_query
2025-11-03 01:35:29,637 - INC_Publicidade - INFO - [load_data:123] - Carregadas 6 campanhas
2025-11-03 01:35:47,970 - INC_Publicidade - DEBUG - [wrapper:58] - Iniciando: create_interface
2025-11-03 01:35:48,001 - INC_Publicidade - DEBUG - [wrapper:58] - Iniciando: create_toolbar
2025-11-03 01:35:48,080 - INC_Publicidade - DEBUG - [wrapper:61] - Sucesso: create_toolbar
2025-11-03 01:35:48,080 - INC_Publicidade - DEBUG - [wrapper:58] - Iniciando: create_campanhas_table
2025-11-03 01:35:48,108 - INC_Publicidade - DEBUG - [wrapper:58] - Iniciando: create_treeview
2025-11-03 01:35:48,114 - INC_Publicidade - DEBUG - [wrapper:61] - Sucesso: create_treeview
2025-11-03 01:35:48,114 - INC_Publicidade - DEBUG - [wrapper:61] - Sucesso: create_campanhas_table
2025-11-03 01:35:48,114 - INC_Publicidade - DEBUG - [wrapper:61] - Sucesso: create_interface
2025-11-03 01:35:48,114 - INC_Publicidade - DEBUG - [wrapper:58] - Iniciando: execute_query
2025-11-03 01:35:48,115 - INC_Publicidade - DEBUG - [execute_query:71] - Query retornou 6 linhas
2025-11-03 01:35:48,115 - INC_Publicidade - DEBUG - [wrapper:61] - Sucesso: execute_query
2025-11-03 01:35:48,115 - INC_Publicidade - INFO - [load_data:123] - Carregadas 6 campanhas
