2025-11-03 01:27:42,490 - INC_Publicidade - DEBUG - [wrapper:58] - Iniciando: connect
2025-11-03 01:27:42,490 - INC_Publicidade - INFO - [connect:24] - Iniciando conexão Oracle...
2025-11-03 01:27:42,541 - INC_Publicidade - INFO - [connect:39] - Conexão Oracle estabelecida com sucesso!
2025-11-03 01:27:42,541 - INC_Publicidade - DEBUG - [wrapper:61] - Sucesso: connect
2025-11-03 01:27:42,542 - INC_Publicidade - INFO - [start_application:637] - Iniciando Sistema de Gestão de Publicidade...
2025-11-03 01:27:42,543 - INC_Publicidade - INFO - [start_application:638] - Conexão Oracle: localhost:1521/XEPDB1
2025-11-03 01:27:42,752 - INC_Publicidade - INFO - [__init__:27] - SearchEngine inicializado
2025-11-03 01:27:42,752 - INC_Publicidade - INFO - [integrar_pesquisa:21] - ✅ Motor de pesquisa inicializado com sucesso
2025-11-03 01:27:42,752 - INC_Publicidade - INFO - [integrar_pesquisa:28] - ✅ Sistema de pesquisa integrado com sucesso
2025-11-03 01:27:42,752 - INC_Publicidade - INFO - [__init__:151] - ✅ Sistema de pesquisa integrado
2025-11-03 01:27:42,801 - INC_Publicidade - DEBUG - [wrapper:58] - Iniciando: _create_interface
2025-11-03 01:27:42,801 - INC_Publicidade - DEBUG - [wrapper:58] - Iniciando: _create_sidebar
2025-11-03 01:27:42,849 - INC_Publicidade - DEBUG - [wrapper:58] - Iniciando: execute_query
2025-11-03 01:27:42,850 - INC_Publicidade - DEBUG - [execute_query:71] - Query retornou 1 linhas
2025-11-03 01:27:42,850 - INC_Publicidade - DEBUG - [wrapper:61] - Sucesso: execute_query
2025-11-03 01:27:42,850 - INC_Publicidade - DEBUG - [wrapper:58] - Iniciando: execute_query
2025-11-03 01:27:42,851 - INC_Publicidade - DEBUG - [execute_query:71] - Query retornou 1 linhas
2025-11-03 01:27:42,851 - INC_Publicidade - DEBUG - [wrapper:61] - Sucesso: execute_query
2025-11-03 01:27:43,009 - INC_Publicidade - DEBUG - [wrapper:61] - Sucesso: _create_sidebar
2025-11-03 01:27:43,009 - INC_Publicidade - DEBUG - [wrapper:58] - Iniciando: _create_header
2025-11-03 01:27:43,047 - INC_Publicidade - DEBUG - [wrapper:61] - Sucesso: _create_header
2025-11-03 01:27:43,047 - INC_Publicidade - DEBUG - [wrapper:58] - Iniciando: _create_main_content
2025-11-03 01:27:43,048 - INC_Publicidade - DEBUG - [wrapper:61] - Sucesso: _create_main_content
2025-11-03 01:27:43,048 - INC_Publicidade - DEBUG - [wrapper:61] - Sucesso: _create_interface
2025-11-03 01:27:43,048 - INC_Publicidade - DEBUG - [wrapper:58] - Iniciando: execute_query
2025-11-03 01:27:43,048 - INC_Publicidade - DEBUG - [execute_query:71] - Query retornou 1 linhas
2025-11-03 01:27:43,048 - INC_Publicidade - DEBUG - [wrapper:61] - Sucesso: execute_query
2025-11-03 01:27:48,668 - INC_Publicidade - DEBUG - [wrapper:58] - Iniciando: create_interface
2025-11-03 01:27:48,695 - INC_Publicidade - DEBUG - [wrapper:58] - Iniciando: create_toolbar
2025-11-03 01:27:48,778 - INC_Publicidade - DEBUG - [wrapper:61] - Sucesso: create_toolbar
2025-11-03 01:27:48,778 - INC_Publicidade - DEBUG - [wrapper:58] - Iniciando: create_anunciantes_table
2025-11-03 01:27:48,816 - INC_Publicidade - DEBUG - [wrapper:58] - Iniciando: create_treeview
2025-11-03 01:27:48,821 - INC_Publicidade - DEBUG - [wrapper:61] - Sucesso: create_treeview
2025-11-03 01:27:48,821 - INC_Publicidade - DEBUG - [wrapper:61] - Sucesso: create_anunciantes_table
2025-11-03 01:27:48,821 - INC_Publicidade - DEBUG - [wrapper:61] - Sucesso: create_interface
2025-11-03 01:27:48,821 - INC_Publicidade - DEBUG - [wrapper:58] - Iniciando: execute_query
2025-11-03 01:27:48,823 - INC_Publicidade - DEBUG - [execute_query:71] - Query retornou 5 linhas
2025-11-03 01:27:48,823 - INC_Publicidade - DEBUG - [wrapper:61] - Sucesso: execute_query
2025-11-03 01:27:48,823 - INC_Publicidade - INFO - [load_data:149] - Carregados 5 anunciantes
2025-11-03 01:30:42,405 - INC_Publicidade - DEBUG - [wrapper:58] - Iniciando: execute_query
2025-11-03 01:30:42,455 - INC_Publicidade - ERROR - [execute_query:79] - Erro de banco de dados: ORA-01438: value larger than specified precision allowed for this column
2025-11-03 01:30:42,455 - INC_Publicidade - DEBUG - [wrapper:61] - Sucesso: execute_query
2025-11-03 01:30:42,503 - INC_Publicidade - DEBUG - [wrapper:58] - Iniciando: execute_query
2025-11-03 01:30:42,504 - INC_Publicidade - DEBUG - [execute_query:71] - Query retornou 5 linhas
2025-11-03 01:30:42,504 - INC_Publicidade - DEBUG - [wrapper:61] - Sucesso: execute_query
2025-11-03 01:30:42,504 - INC_Publicidade - INFO - [load_data:149] - Carregados 5 anunciantes
2025-11-03 01:30:47,805 - INC_Publicidade - DEBUG - [wrapper:58] - Iniciando: execute_query
2025-11-03 01:30:47,808 - INC_Publicidade - DEBUG - [execute_query:71] - Query retornou 5 linhas
2025-11-03 01:30:47,808 - INC_Publicidade - DEBUG - [wrapper:61] - Sucesso: execute_query
2025-11-03 01:30:47,809 - INC_Publicidade - INFO - [load_data:149] - Carregados 5 anunciantes
2025-11-03 01:30:49,815 - INC_Publicidade - DEBUG - [wrapper:58] - Iniciando: create_interface
2025-11-03 01:30:49,853 - INC_Publicidade - DEBUG - [wrapper:58] - Iniciando: create_toolbar
2025-11-03 01:30:49,931 - INC_Publicidade - DEBUG - [wrapper:61] - Sucesso: create_toolbar
2025-11-03 01:30:49,931 - INC_Publicidade - DEBUG - [wrapper:58] - Iniciando: create_anunciantes_table
2025-11-03 01:30:49,959 - INC_Publicidade - DEBUG - [wrapper:58] - Iniciando: create_treeview
2025-11-03 01:30:49,965 - INC_Publicidade - DEBUG - [wrapper:61] - Sucesso: create_treeview
2025-11-03 01:30:49,965 - INC_Publicidade - DEBUG - [wrapper:61] - Sucesso: create_anunciantes_table
2025-11-03 01:30:49,965 - INC_Publicidade - DEBUG - [wrapper:61] - Sucesso: create_interface
2025-11-03 01:30:49,965 - INC_Publicidade - DEBUG - [wrapper:58] - Iniciando: execute_query
2025-11-03 01:30:49,966 - INC_Publicidade - DEBUG - [execute_query:71] - Query retornou 5 linhas
2025-11-03 01:30:49,966 - INC_Publicidade - DEBUG - [wrapper:61] - Sucesso: execute_query
2025-11-03 01:30:49,966 - INC_Publicidade - INFO - [load_data:149] - Carregados 5 anunciantes
2025-11-03 01:30:53,807 - INC_Publicidade - DEBUG - [wrapper:58] - Iniciando: create_interface
2025-11-03 01:30:53,846 - INC_Publicidade - DEBUG - [wrapper:58] - Iniciando: create_toolbar
2025-11-03 01:30:53,923 - INC_Publicidade - DEBUG - [wrapper:61] - Sucesso: create_toolbar
2025-11-03 01:30:53,924 - INC_Publicidade - DEBUG - [wrapper:58] - Iniciando: create_anunciantes_table
2025-11-03 01:30:53,952 - INC_Publicidade - DEBUG - [wrapper:58] - Iniciando: create_treeview
2025-11-03 01:30:53,958 - INC_Publicidade - DEBUG - [wrapper:61] - Sucesso: create_treeview
2025-11-03 01:30:53,958 - INC_Publicidade - DEBUG - [wrapper:61] - Sucesso: create_anunciantes_table
2025-11-03 01:30:53,958 - INC_Publicidade - DEBUG - [wrapper:61] - Sucesso: create_interface
2025-11-03 01:30:53,958 - INC_Publicidade - DEBUG - [wrapper:58] - Iniciando: execute_query
2025-11-03 01:30:53,958 - INC_Publicidade - DEBUG - [execute_query:71] - Query retornou 5 linhas
2025-11-03 01:30:53,959 - INC_Publicidade - DEBUG - [wrapper:61] - Sucesso: execute_query
2025-11-03 01:30:53,959 - INC_Publicidade - INFO - [load_data:149] - Carregados 5 anunciantes
