2025-11-03 01:10:24,501 - INC_Publicidade - DEBUG - [wrapper:58] - Iniciando: connect
2025-11-03 01:10:24,501 - INC_Publicidade - INFO - [connect:24] - Iniciando conexão Oracle...
2025-11-03 01:10:24,556 - INC_Publicidade - INFO - [connect:39] - Conexão Oracle estabelecida com sucesso!
2025-11-03 01:10:24,556 - INC_Publicidade - DEBUG - [wrapper:61] - Sucesso: connect
2025-11-03 01:10:24,557 - INC_Publicidade - INFO - [start_application:589] - Iniciando Sistema de Gestão de Publicidade...
2025-11-03 01:10:24,557 - INC_Publicidade - INFO - [start_application:590] - Conexão Oracle: localhost:1521/XEPDB1
2025-11-03 01:10:24,786 - INC_Publicidade - INFO - [__init__:27] - SearchEngine inicializado
2025-11-03 01:10:24,786 - INC_Publicidade - INFO - [integrar_pesquisa:21] - ✅ Motor de pesquisa inicializado com sucesso
2025-11-03 01:10:24,786 - INC_Publicidade - INFO - [integrar_pesquisa:28] - ✅ Sistema de pesquisa integrado com sucesso
2025-11-03 01:10:24,786 - INC_Publicidade - INFO - [__init__:151] - ✅ Sistema de pesquisa integrado
2025-11-03 01:10:24,839 - INC_Publicidade - DEBUG - [wrapper:58] - Iniciando: _create_interface
2025-11-03 01:10:24,839 - INC_Publicidade - DEBUG - [wrapper:58] - Iniciando: _create_sidebar
2025-11-03 01:10:24,877 - INC_Publicidade - DEBUG - [wrapper:58] - Iniciando: execute_query
2025-11-03 01:10:24,877 - INC_Publicidade - DEBUG - [execute_query:71] - Query retornou 1 linhas
2025-11-03 01:10:24,878 - INC_Publicidade - DEBUG - [wrapper:61] - Sucesso: execute_query
2025-11-03 01:10:24,878 - INC_Publicidade - DEBUG - [wrapper:58] - Iniciando: execute_query
2025-11-03 01:10:24,878 - INC_Publicidade - DEBUG - [execute_query:71] - Query retornou 1 linhas
2025-11-03 01:10:24,878 - INC_Publicidade - DEBUG - [wrapper:61] - Sucesso: execute_query
2025-11-03 01:10:25,066 - INC_Publicidade - DEBUG - [wrapper:61] - Sucesso: _create_sidebar
2025-11-03 01:10:25,066 - INC_Publicidade - DEBUG - [wrapper:58] - Iniciando: _create_header
2025-11-03 01:10:25,101 - INC_Publicidade - DEBUG - [wrapper:61] - Sucesso: _create_header
2025-11-03 01:10:25,101 - INC_Publicidade - DEBUG - [wrapper:58] - Iniciando: _create_main_content
2025-11-03 01:10:25,102 - INC_Publicidade - DEBUG - [wrapper:61] - Sucesso: _create_main_content
2025-11-03 01:10:25,102 - INC_Publicidade - DEBUG - [wrapper:61] - Sucesso: _create_interface
2025-11-03 01:10:25,102 - INC_Publicidade - DEBUG - [wrapper:58] - Iniciando: execute_query
2025-11-03 01:10:25,102 - INC_Publicidade - DEBUG - [execute_query:71] - Query retornou 1 linhas
2025-11-03 01:10:25,102 - INC_Publicidade - DEBUG - [wrapper:61] - Sucesso: execute_query
2025-11-03 01:10:31,340 - INC_Publicidade - INFO - [adicionar_barra_pesquisa_dashboard:68] - ✅ Barra de pesquisa adicionada ao dashboard
2025-11-03 01:10:31,360 - INC_Publicidade - DEBUG - [wrapper:58] - Iniciando: execute_query
2025-11-03 01:10:31,361 - INC_Publicidade - DEBUG - [execute_query:71] - Query retornou 1 linhas
2025-11-03 01:10:31,361 - INC_Publicidade - DEBUG - [wrapper:61] - Sucesso: execute_query
2025-11-03 01:10:31,584 - INC_Publicidade - DEBUG - [wrapper:58] - Iniciando: execute_query
2025-11-03 01:10:31,585 - INC_Publicidade - DEBUG - [execute_query:71] - Query retornou 1 linhas
2025-11-03 01:10:31,585 - INC_Publicidade - DEBUG - [wrapper:61] - Sucesso: execute_query
2025-11-03 01:10:31,585 - INC_Publicidade - DEBUG - [wrapper:58] - Iniciando: execute_query
2025-11-03 01:10:31,586 - INC_Publicidade - DEBUG - [execute_query:71] - Query retornou 0 linhas
2025-11-03 01:10:31,586 - INC_Publicidade - DEBUG - [wrapper:61] - Sucesso: execute_query
