2025-11-03 12:04:19,657 - INC_Publicidade - DEBUG - [wrapper:58] - Iniciando: connect
2025-11-03 12:04:19,657 - INC_Publicidade - INFO - [connect:24] - Iniciando conexão Oracle...
2025-11-03 12:04:19,703 - INC_Publicidade - INFO - [connect:39] - Conexão Oracle estabelecida com sucesso!
2025-11-03 12:04:19,703 - INC_Publicidade - DEBUG - [wrapper:61] - Sucesso: connect
2025-11-03 12:04:19,704 - INC_Publicidade - INFO - [start_application:637] - Iniciando Sistema de Gestão de Publicidade...
2025-11-03 12:04:19,704 - INC_Publicidade - INFO - [start_application:638] - Conexão Oracle: localhost:1521/XEPDB1
2025-11-03 12:04:19,912 - INC_Publicidade - INFO - [__init__:27] - SearchEngine inicializado
2025-11-03 12:04:19,912 - INC_Publicidade - INFO - [integrar_pesquisa:21] - ✅ Motor de pesquisa inicializado com sucesso
2025-11-03 12:04:19,912 - INC_Publicidade - INFO - [integrar_pesquisa:28] - ✅ Sistema de pesquisa integrado com sucesso
2025-11-03 12:04:19,912 - INC_Publicidade - INFO - [__init__:151] - ✅ Sistema de pesquisa integrado
2025-11-03 12:04:19,948 - INC_Publicidade - DEBUG - [wrapper:58] - Iniciando: _create_interface
2025-11-03 12:04:19,949 - INC_Publicidade - DEBUG - [wrapper:58] - Iniciando: _create_sidebar
2025-11-03 12:04:20,000 - INC_Publicidade - DEBUG - [wrapper:58] - Iniciando: execute_query
2025-11-03 12:04:20,003 - INC_Publicidade - DEBUG - [execute_query:71] - Query retornou 1 linhas
2025-11-03 12:04:20,003 - INC_Publicidade - DEBUG - [wrapper:61] - Sucesso: execute_query
2025-11-03 12:04:20,003 - INC_Publicidade - DEBUG - [wrapper:58] - Iniciando: execute_query
2025-11-03 12:04:20,004 - INC_Publicidade - DEBUG - [execute_query:71] - Query retornou 1 linhas
2025-11-03 12:04:20,004 - INC_Publicidade - DEBUG - [wrapper:61] - Sucesso: execute_query
2025-11-03 12:04:20,154 - INC_Publicidade - DEBUG - [wrapper:61] - Sucesso: _create_sidebar
2025-11-03 12:04:20,154 - INC_Publicidade - DEBUG - [wrapper:58] - Iniciando: _create_header
2025-11-03 12:04:20,189 - INC_Publicidade - DEBUG - [wrapper:61] - Sucesso: _create_header
2025-11-03 12:04:20,189 - INC_Publicidade - DEBUG - [wrapper:58] - Iniciando: _create_main_content
2025-11-03 12:04:20,190 - INC_Publicidade - DEBUG - [wrapper:61] - Sucesso: _create_main_content
2025-11-03 12:04:20,190 - INC_Publicidade - DEBUG - [wrapper:61] - Sucesso: _create_interface
2025-11-03 12:04:20,190 - INC_Publicidade - DEBUG - [wrapper:58] - Iniciando: execute_query
2025-11-03 12:04:20,190 - INC_Publicidade - DEBUG - [execute_query:71] - Query retornou 1 linhas
2025-11-03 12:04:20,190 - INC_Publicidade - DEBUG - [wrapper:61] - Sucesso: execute_query
2025-11-03 12:04:26,857 - INC_Publicidade - DEBUG - [wrapper:58] - Iniciando: create_interface
2025-11-03 12:04:26,889 - INC_Publicidade - DEBUG - [wrapper:58] - Iniciando: create_toolbar
2025-11-03 12:04:26,940 - INC_Publicidade - DEBUG - [wrapper:61] - Sucesso: create_toolbar
2025-11-03 12:04:26,940 - INC_Publicidade - DEBUG - [wrapper:58] - Iniciando: create_anunciantes_table
2025-11-03 12:04:26,968 - INC_Publicidade - DEBUG - [wrapper:58] - Iniciando: create_treeview
2025-11-03 12:04:26,973 - INC_Publicidade - DEBUG - [wrapper:61] - Sucesso: create_treeview
2025-11-03 12:04:26,973 - INC_Publicidade - DEBUG - [wrapper:61] - Sucesso: create_anunciantes_table
2025-11-03 12:04:26,973 - INC_Publicidade - DEBUG - [wrapper:61] - Sucesso: create_interface
2025-11-03 12:04:26,973 - INC_Publicidade - DEBUG - [wrapper:58] - Iniciando: execute_query
2025-11-03 12:04:26,974 - INC_Publicidade - DEBUG - [execute_query:71] - Query retornou 5 linhas
2025-11-03 12:04:26,974 - INC_Publicidade - DEBUG - [wrapper:61] - Sucesso: execute_query
2025-11-03 12:04:26,974 - INC_Publicidade - INFO - [load_data:149] - Carregados 5 anunciantes
2025-11-03 12:06:22,708 - INC_Publicidade - ERROR - [save_anunciante:382] - Erro ao salvar anunciante: 'NoneType' object has no attribute 'cget'
