2025-11-03 00:55:43,527 - INC_Publicidade - DEBUG - [wrapper:58] - Iniciando: connect
2025-11-03 00:55:43,527 - INC_Publicidade - INFO - [connect:24] - Iniciando conexão Oracle...
2025-11-03 00:55:43,583 - INC_Publicidade - INFO - [connect:39] - Conexão Oracle estabelecida com sucesso!
2025-11-03 00:55:43,583 - INC_Publicidade - DEBUG - [wrapper:61] - Sucesso: connect
2025-11-03 00:55:43,584 - INC_Publicidade - INFO - [start_application:627] - Iniciando Sistema de Gestão de Publicidade...
2025-11-03 00:55:43,584 - INC_Publicidade - INFO - [start_application:628] - Conexão Oracle: localhost:1521/XEPDB1
2025-11-03 00:55:43,799 - INC_Publicidade - INFO - [__init__:27] - SearchEngine inicializado
2025-11-03 00:55:43,799 - INC_Publicidade - INFO - [integrar_pesquisa:21] - ✅ Motor de pesquisa inicializado com sucesso
2025-11-03 00:55:43,799 - INC_Publicidade - INFO - [integrar_pesquisa:28] - ✅ Sistema de pesquisa integrado com sucesso
2025-11-03 00:55:43,799 - INC_Publicidade - INFO - [__init__:150] - ✅ Sistema de pesquisa integrado
2025-11-03 00:55:43,845 - INC_Publicidade - DEBUG - [wrapper:58] - Iniciando: _create_interface
2025-11-03 00:55:43,845 - INC_Publicidade - DEBUG - [wrapper:58] - Iniciando: _create_sidebar
2025-11-03 00:55:43,884 - INC_Publicidade - DEBUG - [wrapper:58] - Iniciando: execute_query
2025-11-03 00:55:43,885 - INC_Publicidade - DEBUG - [execute_query:71] - Query retornou 1 linhas
2025-11-03 00:55:43,885 - INC_Publicidade - DEBUG - [wrapper:61] - Sucesso: execute_query
2025-11-03 00:55:43,885 - INC_Publicidade - DEBUG - [wrapper:58] - Iniciando: execute_query
2025-11-03 00:55:43,886 - INC_Publicidade - DEBUG - [execute_query:71] - Query retornou 1 linhas
2025-11-03 00:55:43,886 - INC_Publicidade - DEBUG - [wrapper:61] - Sucesso: execute_query
2025-11-03 00:55:44,047 - INC_Publicidade - DEBUG - [wrapper:61] - Sucesso: _create_sidebar
2025-11-03 00:55:44,047 - INC_Publicidade - DEBUG - [wrapper:58] - Iniciando: _create_header
2025-11-03 00:55:44,087 - INC_Publicidade - DEBUG - [wrapper:61] - Sucesso: _create_header
2025-11-03 00:55:44,087 - INC_Publicidade - DEBUG - [wrapper:58] - Iniciando: _create_main_content
2025-11-03 00:55:44,088 - INC_Publicidade - DEBUG - [wrapper:61] - Sucesso: _create_main_content
2025-11-03 00:55:44,088 - INC_Publicidade - DEBUG - [wrapper:61] - Sucesso: _create_interface
2025-11-03 00:55:44,088 - INC_Publicidade - DEBUG - [wrapper:58] - Iniciando: execute_query
2025-11-03 00:55:44,089 - INC_Publicidade - DEBUG - [execute_query:71] - Query retornou 1 linhas
2025-11-03 00:55:44,089 - INC_Publicidade - DEBUG - [wrapper:61] - Sucesso: execute_query
2025-11-03 00:55:50,775 - INC_Publicidade - INFO - [adicionar_barra_pesquisa_dashboard:68] - ✅ Barra de pesquisa adicionada ao dashboard
2025-11-03 00:55:50,796 - INC_Publicidade - DEBUG - [wrapper:58] - Iniciando: execute_query
2025-11-03 00:55:50,796 - INC_Publicidade - DEBUG - [execute_query:71] - Query retornou 1 linhas
2025-11-03 00:55:50,796 - INC_Publicidade - DEBUG - [wrapper:61] - Sucesso: execute_query
2025-11-03 00:55:50,796 - INC_Publicidade - DEBUG - [wrapper:58] - Iniciando: execute_query
2025-11-03 00:55:50,803 - INC_Publicidade - DEBUG - [execute_query:71] - Query retornou 1 linhas
2025-11-03 00:55:50,803 - INC_Publicidade - DEBUG - [wrapper:61] - Sucesso: execute_query
2025-11-03 00:55:51,029 - INC_Publicidade - DEBUG - [wrapper:58] - Iniciando: execute_query
2025-11-03 00:55:51,030 - INC_Publicidade - DEBUG - [execute_query:71] - Query retornou 1 linhas
2025-11-03 00:55:51,030 - INC_Publicidade - DEBUG - [wrapper:61] - Sucesso: execute_query
2025-11-03 00:55:51,030 - INC_Publicidade - DEBUG - [wrapper:58] - Iniciando: execute_query
2025-11-03 00:55:51,030 - INC_Publicidade - DEBUG - [execute_query:71] - Query retornou 0 linhas
2025-11-03 00:55:51,030 - INC_Publicidade - DEBUG - [wrapper:61] - Sucesso: execute_query
2025-11-03 00:56:40,635 - INC_Publicidade - INFO - [close:106] - Conexão Oracle fechada
