2025-11-03 02:34:08,173 - INC_Publicidade - DEBUG - [wrapper:58] - Iniciando: connect
2025-11-03 02:34:08,173 - INC_Publicidade - INFO - [connect:24] - Iniciando conexão Oracle...
2025-11-03 02:34:08,226 - INC_Publicidade - INFO - [connect:39] - Conexão Oracle estabelecida com sucesso!
2025-11-03 02:34:08,226 - INC_Publicidade - DEBUG - [wrapper:61] - Sucesso: connect
2025-11-03 02:34:08,228 - INC_Publicidade - INFO - [start_application:632] - Iniciando Sistema de Gestão de Publicidade...
2025-11-03 02:34:08,228 - INC_Publicidade - INFO - [start_application:633] - Conexão Oracle: localhost:1521/XEPDB1
2025-11-03 02:34:08,441 - INC_Publicidade - INFO - [__init__:27] - SearchEngine inicializado
2025-11-03 02:34:08,441 - INC_Publicidade - INFO - [integrar_pesquisa:21] - ✅ Motor de pesquisa inicializado com sucesso
2025-11-03 02:34:08,441 - INC_Publicidade - INFO - [integrar_pesquisa:28] - ✅ Sistema de pesquisa integrado com sucesso
2025-11-03 02:34:08,441 - INC_Publicidade - INFO - [__init__:151] - ✅ Sistema de pesquisa integrado
2025-11-03 02:34:08,492 - INC_Publicidade - DEBUG - [wrapper:58] - Iniciando: _create_interface
2025-11-03 02:34:08,493 - INC_Publicidade - DEBUG - [wrapper:58] - Iniciando: _create_sidebar
2025-11-03 02:34:08,535 - INC_Publicidade - DEBUG - [wrapper:58] - Iniciando: execute_query
2025-11-03 02:34:08,536 - INC_Publicidade - DEBUG - [execute_query:71] - Query retornou 1 linhas
2025-11-03 02:34:08,536 - INC_Publicidade - DEBUG - [wrapper:61] - Sucesso: execute_query
2025-11-03 02:34:08,536 - INC_Publicidade - DEBUG - [wrapper:58] - Iniciando: execute_query
2025-11-03 02:34:08,536 - INC_Publicidade - DEBUG - [execute_query:71] - Query retornou 1 linhas
2025-11-03 02:34:08,536 - INC_Publicidade - DEBUG - [wrapper:61] - Sucesso: execute_query
2025-11-03 02:34:08,697 - INC_Publicidade - DEBUG - [wrapper:61] - Sucesso: _create_sidebar
2025-11-03 02:34:08,697 - INC_Publicidade - DEBUG - [wrapper:58] - Iniciando: _create_header
2025-11-03 02:34:08,737 - INC_Publicidade - DEBUG - [wrapper:61] - Sucesso: _create_header
2025-11-03 02:34:08,738 - INC_Publicidade - DEBUG - [wrapper:58] - Iniciando: _create_main_content
2025-11-03 02:34:08,738 - INC_Publicidade - DEBUG - [wrapper:61] - Sucesso: _create_main_content
2025-11-03 02:34:08,738 - INC_Publicidade - DEBUG - [wrapper:61] - Sucesso: _create_interface
2025-11-03 02:34:08,738 - INC_Publicidade - DEBUG - [wrapper:58] - Iniciando: execute_query
2025-11-03 02:34:08,739 - INC_Publicidade - DEBUG - [execute_query:71] - Query retornou 1 linhas
2025-11-03 02:34:08,739 - INC_Publicidade - DEBUG - [wrapper:61] - Sucesso: execute_query
2025-11-03 02:34:14,067 - INC_Publicidade - INFO - [adicionar_barra_pesquisa_dashboard:68] - ✅ Barra de pesquisa adicionada ao dashboard
2025-11-03 02:34:14,087 - INC_Publicidade - DEBUG - [wrapper:58] - Iniciando: execute_query
2025-11-03 02:34:14,087 - INC_Publicidade - DEBUG - [execute_query:71] - Query retornou 1 linhas
2025-11-03 02:34:14,087 - INC_Publicidade - DEBUG - [wrapper:61] - Sucesso: execute_query
2025-11-03 02:34:14,087 - INC_Publicidade - DEBUG - [wrapper:58] - Iniciando: execute_query
2025-11-03 02:34:14,088 - INC_Publicidade - DEBUG - [execute_query:71] - Query retornou 1 linhas
2025-11-03 02:34:14,089 - INC_Publicidade - DEBUG - [wrapper:61] - Sucesso: execute_query
2025-11-03 02:34:15,648 - INC_Publicidade - DEBUG - [wrapper:58] - Iniciando: create_interface
2025-11-03 02:34:15,683 - INC_Publicidade - DEBUG - [wrapper:58] - Iniciando: create_toolbar
2025-11-03 02:34:15,776 - INC_Publicidade - DEBUG - [wrapper:61] - Sucesso: create_toolbar
2025-11-03 02:34:15,776 - INC_Publicidade - DEBUG - [wrapper:58] - Iniciando: create_anunciantes_table
2025-11-03 02:34:15,819 - INC_Publicidade - DEBUG - [wrapper:58] - Iniciando: create_treeview
2025-11-03 02:34:15,827 - INC_Publicidade - DEBUG - [wrapper:61] - Sucesso: create_treeview
2025-11-03 02:34:15,827 - INC_Publicidade - DEBUG - [wrapper:61] - Sucesso: create_anunciantes_table
2025-11-03 02:34:15,827 - INC_Publicidade - DEBUG - [wrapper:61] - Sucesso: create_interface
2025-11-03 02:34:15,827 - INC_Publicidade - DEBUG - [wrapper:58] - Iniciando: execute_query
2025-11-03 02:34:15,828 - INC_Publicidade - DEBUG - [execute_query:71] - Query retornou 5 linhas
2025-11-03 02:34:15,829 - INC_Publicidade - DEBUG - [wrapper:61] - Sucesso: execute_query
2025-11-03 02:34:15,829 - INC_Publicidade - INFO - [load_data:149] - Carregados 5 anunciantes
2025-11-03 02:35:17,715 - INC_Publicidade - DEBUG - [wrapper:58] - Iniciando: execute_query
2025-11-03 02:35:17,720 - INC_Publicidade - ERROR - [execute_query:79] - Erro de banco de dados: ORA-01438: value larger than specified precision allowed for this column
2025-11-03 02:35:17,721 - INC_Publicidade - DEBUG - [wrapper:61] - Sucesso: execute_query
2025-11-03 02:35:17,794 - INC_Publicidade - DEBUG - [wrapper:58] - Iniciando: execute_query
2025-11-03 02:35:17,796 - INC_Publicidade - DEBUG - [execute_query:71] - Query retornou 5 linhas
2025-11-03 02:35:17,796 - INC_Publicidade - DEBUG - [wrapper:61] - Sucesso: execute_query
2025-11-03 02:35:17,796 - INC_Publicidade - INFO - [load_data:149] - Carregados 5 anunciantes
2025-11-03 02:35:41,471 - INC_Publicidade - DEBUG - [wrapper:58] - Iniciando: create_interface
2025-11-03 02:35:41,504 - INC_Publicidade - DEBUG - [wrapper:58] - Iniciando: create_toolbar
2025-11-03 02:35:41,594 - INC_Publicidade - DEBUG - [wrapper:61] - Sucesso: create_toolbar
2025-11-03 02:35:41,594 - INC_Publicidade - DEBUG - [wrapper:58] - Iniciando: create_anunciantes_table
2025-11-03 02:35:41,626 - INC_Publicidade - DEBUG - [wrapper:58] - Iniciando: create_treeview
2025-11-03 02:35:41,631 - INC_Publicidade - DEBUG - [wrapper:61] - Sucesso: create_treeview
2025-11-03 02:35:41,631 - INC_Publicidade - DEBUG - [wrapper:61] - Sucesso: create_anunciantes_table
2025-11-03 02:35:41,632 - INC_Publicidade - DEBUG - [wrapper:61] - Sucesso: create_interface
2025-11-03 02:35:41,632 - INC_Publicidade - DEBUG - [wrapper:58] - Iniciando: execute_query
2025-11-03 02:35:41,632 - INC_Publicidade - DEBUG - [execute_query:71] - Query retornou 5 linhas
2025-11-03 02:35:41,633 - INC_Publicidade - DEBUG - [wrapper:61] - Sucesso: execute_query
2025-11-03 02:35:41,633 - INC_Publicidade - INFO - [load_data:149] - Carregados 5 anunciantes
2025-11-03 02:35:42,658 - INC_Publicidade - DEBUG - [wrapper:58] - Iniciando: create_interface
2025-11-03 02:35:42,690 - INC_Publicidade - DEBUG - [wrapper:58] - Iniciando: create_toolbar
2025-11-03 02:35:42,794 - INC_Publicidade - DEBUG - [wrapper:61] - Sucesso: create_toolbar
2025-11-03 02:35:42,794 - INC_Publicidade - DEBUG - [wrapper:58] - Iniciando: create_campanhas_table
2025-11-03 02:35:42,833 - INC_Publicidade - DEBUG - [wrapper:58] - Iniciando: create_treeview
2025-11-03 02:35:42,838 - INC_Publicidade - DEBUG - [wrapper:61] - Sucesso: create_treeview
2025-11-03 02:35:42,838 - INC_Publicidade - DEBUG - [wrapper:61] - Sucesso: create_campanhas_table
2025-11-03 02:35:42,838 - INC_Publicidade - DEBUG - [wrapper:61] - Sucesso: create_interface
2025-11-03 02:35:42,838 - INC_Publicidade - DEBUG - [wrapper:58] - Iniciando: execute_query
2025-11-03 02:35:42,848 - INC_Publicidade - DEBUG - [execute_query:71] - Query retornou 6 linhas
2025-11-03 02:35:42,848 - INC_Publicidade - DEBUG - [wrapper:61] - Sucesso: execute_query
2025-11-03 02:35:42,848 - INC_Publicidade - INFO - [load_data:123] - Carregadas 6 campanhas
2025-11-03 02:35:43,855 - INC_Publicidade - DEBUG - [wrapper:58] - Iniciando: create_interface
2025-11-03 02:35:43,889 - INC_Publicidade - DEBUG - [wrapper:58] - Iniciando: create_toolbar
2025-11-03 02:35:43,984 - INC_Publicidade - DEBUG - [wrapper:61] - Sucesso: create_toolbar
2025-11-03 02:35:43,984 - INC_Publicidade - DEBUG - [wrapper:58] - Iniciando: create_pecas_table
2025-11-03 02:35:44,019 - INC_Publicidade - DEBUG - [wrapper:58] - Iniciando: create_treeview
2025-11-03 02:35:44,025 - INC_Publicidade - DEBUG - [wrapper:61] - Sucesso: create_treeview
2025-11-03 02:35:44,025 - INC_Publicidade - DEBUG - [wrapper:61] - Sucesso: create_pecas_table
2025-11-03 02:35:44,025 - INC_Publicidade - DEBUG - [wrapper:61] - Sucesso: create_interface
2025-11-03 02:35:44,025 - INC_Publicidade - DEBUG - [wrapper:58] - Iniciando: execute_query
2025-11-03 02:35:44,026 - INC_Publicidade - DEBUG - [execute_query:71] - Query retornou 10 linhas
2025-11-03 02:35:44,027 - INC_Publicidade - DEBUG - [wrapper:61] - Sucesso: execute_query
2025-11-03 02:35:44,027 - INC_Publicidade - INFO - [load_data:126] - Carregadas 10 peças criativas
2025-11-03 02:35:45,074 - INC_Publicidade - DEBUG - [wrapper:58] - Iniciando: create_interface
2025-11-03 02:35:45,104 - INC_Publicidade - DEBUG - [wrapper:58] - Iniciando: create_toolbar
2025-11-03 02:35:45,189 - INC_Publicidade - DEBUG - [wrapper:61] - Sucesso: create_toolbar
2025-11-03 02:35:45,190 - INC_Publicidade - DEBUG - [wrapper:58] - Iniciando: create_espacos_table
2025-11-03 02:35:45,221 - INC_Publicidade - DEBUG - [wrapper:58] - Iniciando: create_treeview
2025-11-03 02:35:45,227 - INC_Publicidade - DEBUG - [wrapper:61] - Sucesso: create_treeview
2025-11-03 02:35:45,227 - INC_Publicidade - DEBUG - [wrapper:61] - Sucesso: create_espacos_table
2025-11-03 02:35:45,227 - INC_Publicidade - DEBUG - [wrapper:61] - Sucesso: create_interface
2025-11-03 02:35:45,227 - INC_Publicidade - DEBUG - [wrapper:58] - Iniciando: execute_query
2025-11-03 02:35:45,228 - INC_Publicidade - DEBUG - [execute_query:71] - Query retornou 5 linhas
2025-11-03 02:35:45,228 - INC_Publicidade - DEBUG - [wrapper:61] - Sucesso: execute_query
2025-11-03 02:35:45,228 - INC_Publicidade - INFO - [load_data:125] - Carregados 5 espaços
2025-11-03 02:35:45,617 - INC_Publicidade - DEBUG - [wrapper:58] - Iniciando: create_interface
2025-11-03 02:35:45,648 - INC_Publicidade - DEBUG - [wrapper:58] - Iniciando: create_toolbar
2025-11-03 02:35:45,735 - INC_Publicidade - DEBUG - [wrapper:61] - Sucesso: create_toolbar
2025-11-03 02:35:45,736 - INC_Publicidade - DEBUG - [wrapper:58] - Iniciando: create_pagamentos_table
2025-11-03 02:35:45,768 - INC_Publicidade - DEBUG - [wrapper:58] - Iniciando: create_treeview
2025-11-03 02:35:45,773 - INC_Publicidade - DEBUG - [wrapper:61] - Sucesso: create_treeview
2025-11-03 02:35:45,773 - INC_Publicidade - DEBUG - [wrapper:61] - Sucesso: create_pagamentos_table
2025-11-03 02:35:45,773 - INC_Publicidade - DEBUG - [wrapper:61] - Sucesso: create_interface
2025-11-03 02:35:45,773 - INC_Publicidade - DEBUG - [wrapper:58] - Iniciando: execute_query
2025-11-03 02:35:45,779 - INC_Publicidade - DEBUG - [execute_query:71] - Query retornou 5 linhas
2025-11-03 02:35:45,779 - INC_Publicidade - DEBUG - [wrapper:61] - Sucesso: execute_query
2025-11-03 02:35:45,779 - INC_Publicidade - INFO - [load_data:124] - Carregados 5 pagamentos
