2025-11-03 11:49:24,781 - INC_Publicidade - DEBUG - [wrapper:58] - Iniciando: connect
2025-11-03 11:49:24,781 - INC_Publicidade - INFO - [connect:24] - Iniciando conexão Oracle...
2025-11-03 11:49:24,833 - INC_Publicidade - INFO - [connect:39] - Conexão Oracle estabelecida com sucesso!
2025-11-03 11:49:24,833 - INC_Publicidade - DEBUG - [wrapper:61] - Sucesso: connect
2025-11-03 11:49:24,834 - INC_Publicidade - INFO - [start_application:637] - Iniciando Sistema de Gestão de Publicidade...
2025-11-03 11:49:24,834 - INC_Publicidade - INFO - [start_application:638] - Conexão Oracle: localhost:1521/XEPDB1
2025-11-03 11:49:25,042 - INC_Publicidade - INFO - [__init__:27] - SearchEngine inicializado
2025-11-03 11:49:25,042 - INC_Publicidade - INFO - [integrar_pesquisa:21] - ✅ Motor de pesquisa inicializado com sucesso
2025-11-03 11:49:25,042 - INC_Publicidade - INFO - [integrar_pesquisa:28] - ✅ Sistema de pesquisa integrado com sucesso
2025-11-03 11:49:25,042 - INC_Publicidade - INFO - [__init__:151] - ✅ Sistema de pesquisa integrado
2025-11-03 11:49:25,085 - INC_Publicidade - DEBUG - [wrapper:58] - Iniciando: _create_interface
2025-11-03 11:49:25,085 - INC_Publicidade - DEBUG - [wrapper:58] - Iniciando: _create_sidebar
2025-11-03 11:49:25,122 - INC_Publicidade - DEBUG - [wrapper:58] - Iniciando: execute_query
2025-11-03 11:49:25,123 - INC_Publicidade - DEBUG - [execute_query:71] - Query retornou 1 linhas
2025-11-03 11:49:25,123 - INC_Publicidade - DEBUG - [wrapper:61] - Sucesso: execute_query
2025-11-03 11:49:25,123 - INC_Publicidade - DEBUG - [wrapper:58] - Iniciando: execute_query
2025-11-03 11:49:25,124 - INC_Publicidade - DEBUG - [execute_query:71] - Query retornou 1 linhas
2025-11-03 11:49:25,124 - INC_Publicidade - DEBUG - [wrapper:61] - Sucesso: execute_query
2025-11-03 11:49:25,273 - INC_Publicidade - DEBUG - [wrapper:61] - Sucesso: _create_sidebar
2025-11-03 11:49:25,273 - INC_Publicidade - DEBUG - [wrapper:58] - Iniciando: _create_header
2025-11-03 11:49:25,306 - INC_Publicidade - DEBUG - [wrapper:61] - Sucesso: _create_header
2025-11-03 11:49:25,306 - INC_Publicidade - DEBUG - [wrapper:58] - Iniciando: _create_main_content
2025-11-03 11:49:25,307 - INC_Publicidade - DEBUG - [wrapper:61] - Sucesso: _create_main_content
2025-11-03 11:49:25,307 - INC_Publicidade - DEBUG - [wrapper:61] - Sucesso: _create_interface
2025-11-03 11:49:25,307 - INC_Publicidade - DEBUG - [wrapper:58] - Iniciando: execute_query
2025-11-03 11:49:25,308 - INC_Publicidade - DEBUG - [execute_query:71] - Query retornou 1 linhas
2025-11-03 11:49:25,308 - INC_Publicidade - DEBUG - [wrapper:61] - Sucesso: execute_query
2025-11-03 11:49:30,767 - INC_Publicidade - INFO - [adicionar_barra_pesquisa_dashboard:68] - ✅ Barra de pesquisa adicionada ao dashboard
2025-11-03 11:49:30,793 - INC_Publicidade - DEBUG - [wrapper:58] - Iniciando: execute_query
2025-11-03 11:49:30,793 - INC_Publicidade - DEBUG - [execute_query:71] - Query retornou 1 linhas
2025-11-03 11:49:30,793 - INC_Publicidade - DEBUG - [wrapper:61] - Sucesso: execute_query
2025-11-03 11:49:30,793 - INC_Publicidade - DEBUG - [wrapper:58] - Iniciando: execute_query
2025-11-03 11:49:30,794 - INC_Publicidade - DEBUG - [execute_query:71] - Query retornou 1 linhas
2025-11-03 11:49:30,795 - INC_Publicidade - DEBUG - [wrapper:61] - Sucesso: execute_query
2025-11-03 11:49:51,966 - INC_Publicidade - DEBUG - [wrapper:58] - Iniciando: create_interface
2025-11-03 11:49:51,991 - INC_Publicidade - DEBUG - [wrapper:58] - Iniciando: create_toolbar
2025-11-03 11:49:52,047 - INC_Publicidade - DEBUG - [wrapper:61] - Sucesso: create_toolbar
2025-11-03 11:49:52,047 - INC_Publicidade - DEBUG - [wrapper:58] - Iniciando: create_anunciantes_table
2025-11-03 11:49:52,076 - INC_Publicidade - DEBUG - [wrapper:58] - Iniciando: create_treeview
2025-11-03 11:49:52,081 - INC_Publicidade - DEBUG - [wrapper:61] - Sucesso: create_treeview
2025-11-03 11:49:52,082 - INC_Publicidade - DEBUG - [wrapper:61] - Sucesso: create_anunciantes_table
2025-11-03 11:49:52,082 - INC_Publicidade - DEBUG - [wrapper:61] - Sucesso: create_interface
2025-11-03 11:49:52,082 - INC_Publicidade - DEBUG - [wrapper:58] - Iniciando: execute_query
2025-11-03 11:49:52,082 - INC_Publicidade - DEBUG - [execute_query:71] - Query retornou 5 linhas
2025-11-03 11:49:52,083 - INC_Publicidade - DEBUG - [wrapper:61] - Sucesso: execute_query
2025-11-03 11:49:52,083 - INC_Publicidade - INFO - [load_data:149] - Carregados 5 anunciantes
2025-11-03 11:49:54,007 - INC_Publicidade - DEBUG - [wrapper:58] - Iniciando: create_interface
2025-11-03 11:49:54,026 - INC_Publicidade - DEBUG - [wrapper:58] - Iniciando: create_toolbar
2025-11-03 11:49:54,079 - INC_Publicidade - DEBUG - [wrapper:61] - Sucesso: create_toolbar
2025-11-03 11:49:54,080 - INC_Publicidade - DEBUG - [wrapper:58] - Iniciando: create_campanhas_table
2025-11-03 11:49:54,105 - INC_Publicidade - DEBUG - [wrapper:58] - Iniciando: create_treeview
2025-11-03 11:49:54,109 - INC_Publicidade - DEBUG - [wrapper:61] - Sucesso: create_treeview
2025-11-03 11:49:54,109 - INC_Publicidade - DEBUG - [wrapper:61] - Sucesso: create_campanhas_table
2025-11-03 11:49:54,109 - INC_Publicidade - DEBUG - [wrapper:61] - Sucesso: create_interface
2025-11-03 11:49:54,110 - INC_Publicidade - DEBUG - [wrapper:58] - Iniciando: execute_query
2025-11-03 11:49:54,122 - INC_Publicidade - DEBUG - [execute_query:71] - Query retornou 6 linhas
2025-11-03 11:49:54,122 - INC_Publicidade - DEBUG - [wrapper:61] - Sucesso: execute_query
2025-11-03 11:49:54,122 - INC_Publicidade - INFO - [load_data:123] - Carregadas 6 campanhas
2025-11-03 11:49:57,688 - INC_Publicidade - DEBUG - [wrapper:58] - Iniciando: execute_query
2025-11-03 11:49:57,691 - INC_Publicidade - DEBUG - [execute_query:71] - Query retornou 5 linhas
2025-11-03 11:49:57,691 - INC_Publicidade - DEBUG - [wrapper:61] - Sucesso: execute_query
2025-11-03 11:50:13,127 - INC_Publicidade - DEBUG - [wrapper:58] - Iniciando: create_interface
2025-11-03 11:50:13,150 - INC_Publicidade - DEBUG - [wrapper:58] - Iniciando: create_toolbar
2025-11-03 11:50:13,207 - INC_Publicidade - DEBUG - [wrapper:61] - Sucesso: create_toolbar
2025-11-03 11:50:13,207 - INC_Publicidade - DEBUG - [wrapper:58] - Iniciando: create_anunciantes_table
2025-11-03 11:50:13,234 - INC_Publicidade - DEBUG - [wrapper:58] - Iniciando: create_treeview
2025-11-03 11:50:13,239 - INC_Publicidade - DEBUG - [wrapper:61] - Sucesso: create_treeview
2025-11-03 11:50:13,239 - INC_Publicidade - DEBUG - [wrapper:61] - Sucesso: create_anunciantes_table
2025-11-03 11:50:13,239 - INC_Publicidade - DEBUG - [wrapper:61] - Sucesso: create_interface
2025-11-03 11:50:13,239 - INC_Publicidade - DEBUG - [wrapper:58] - Iniciando: execute_query
2025-11-03 11:50:13,239 - INC_Publicidade - DEBUG - [execute_query:71] - Query retornou 5 linhas
2025-11-03 11:50:13,240 - INC_Publicidade - DEBUG - [wrapper:61] - Sucesso: execute_query
2025-11-03 11:50:13,240 - INC_Publicidade - INFO - [load_data:149] - Carregados 5 anunciantes
2025-11-03 11:50:17,413 - INC_Publicidade - INFO - [adicionar_barra_pesquisa_dashboard:68] - ✅ Barra de pesquisa adicionada ao dashboard
2025-11-03 11:50:17,434 - INC_Publicidade - DEBUG - [wrapper:58] - Iniciando: execute_query
2025-11-03 11:50:17,434 - INC_Publicidade - DEBUG - [execute_query:71] - Query retornou 1 linhas
2025-11-03 11:50:17,434 - INC_Publicidade - DEBUG - [wrapper:61] - Sucesso: execute_query
2025-11-03 11:50:17,434 - INC_Publicidade - DEBUG - [wrapper:58] - Iniciando: execute_query
2025-11-03 11:50:17,435 - INC_Publicidade - DEBUG - [execute_query:71] - Query retornou 1 linhas
2025-11-03 11:50:17,435 - INC_Publicidade - DEBUG - [wrapper:61] - Sucesso: execute_query
