2025-11-03 14:06:51,675 - INC_Publicidade - DEBUG - [wrapper:58] - Iniciando: connect
2025-11-03 14:06:51,675 - INC_Publicidade - INFO - [connect:24] - Iniciando conexão Oracle...
2025-11-03 14:06:51,721 - INC_Publicidade - INFO - [connect:39] - Conexão Oracle estabelecida com sucesso!
2025-11-03 14:06:51,721 - INC_Publicidade - DEBUG - [wrapper:61] - Sucesso: connect
2025-11-03 14:06:51,722 - INC_Publicidade - INFO - [start_application:637] - Iniciando Sistema de Gestão de Publicidade...
2025-11-03 14:06:51,722 - INC_Publicidade - INFO - [start_application:638] - Conexão Oracle: localhost:1521/XEPDB1
2025-11-03 14:06:51,927 - INC_Publicidade - INFO - [__init__:27] - SearchEngine inicializado
2025-11-03 14:06:51,927 - INC_Publicidade - INFO - [integrar_pesquisa:21] - ✅ Motor de pesquisa inicializado com sucesso
2025-11-03 14:06:51,927 - INC_Publicidade - INFO - [integrar_pesquisa:28] - ✅ Sistema de pesquisa integrado com sucesso
2025-11-03 14:06:51,927 - INC_Publicidade - INFO - [__init__:151] - ✅ Sistema de pesquisa integrado
2025-11-03 14:06:51,975 - INC_Publicidade - DEBUG - [wrapper:58] - Iniciando: _create_interface
2025-11-03 14:06:51,975 - INC_Publicidade - DEBUG - [wrapper:58] - Iniciando: _create_sidebar
2025-11-03 14:06:52,016 - INC_Publicidade - DEBUG - [wrapper:58] - Iniciando: execute_query
2025-11-03 14:06:52,017 - INC_Publicidade - DEBUG - [execute_query:71] - Query retornou 1 linhas
2025-11-03 14:06:52,017 - INC_Publicidade - DEBUG - [wrapper:61] - Sucesso: execute_query
2025-11-03 14:06:52,017 - INC_Publicidade - DEBUG - [wrapper:58] - Iniciando: execute_query
2025-11-03 14:06:52,018 - INC_Publicidade - DEBUG - [execute_query:71] - Query retornou 1 linhas
2025-11-03 14:06:52,018 - INC_Publicidade - DEBUG - [wrapper:61] - Sucesso: execute_query
2025-11-03 14:06:52,174 - INC_Publicidade - DEBUG - [wrapper:61] - Sucesso: _create_sidebar
2025-11-03 14:06:52,174 - INC_Publicidade - DEBUG - [wrapper:58] - Iniciando: _create_header
2025-11-03 14:06:52,212 - INC_Publicidade - DEBUG - [wrapper:61] - Sucesso: _create_header
2025-11-03 14:06:52,212 - INC_Publicidade - DEBUG - [wrapper:58] - Iniciando: _create_main_content
2025-11-03 14:06:52,213 - INC_Publicidade - DEBUG - [wrapper:61] - Sucesso: _create_main_content
2025-11-03 14:06:52,213 - INC_Publicidade - DEBUG - [wrapper:61] - Sucesso: _create_interface
2025-11-03 14:06:52,213 - INC_Publicidade - DEBUG - [wrapper:58] - Iniciando: execute_query
2025-11-03 14:06:52,214 - INC_Publicidade - DEBUG - [execute_query:71] - Query retornou 1 linhas
2025-11-03 14:06:52,214 - INC_Publicidade - DEBUG - [wrapper:61] - Sucesso: execute_query
2025-11-03 14:06:57,276 - INC_Publicidade - DEBUG - [wrapper:58] - Iniciando: create_interface
2025-11-03 14:06:57,326 - INC_Publicidade - DEBUG - [wrapper:58] - Iniciando: create_toolbar
2025-11-03 14:06:57,429 - INC_Publicidade - DEBUG - [wrapper:61] - Sucesso: create_toolbar
2025-11-03 14:06:57,429 - INC_Publicidade - DEBUG - [wrapper:58] - Iniciando: create_anunciantes_table
2025-11-03 14:06:57,477 - INC_Publicidade - DEBUG - [wrapper:58] - Iniciando: create_treeview
2025-11-03 14:06:57,487 - INC_Publicidade - DEBUG - [wrapper:61] - Sucesso: create_treeview
2025-11-03 14:06:57,487 - INC_Publicidade - DEBUG - [wrapper:61] - Sucesso: create_anunciantes_table
2025-11-03 14:06:57,487 - INC_Publicidade - DEBUG - [wrapper:61] - Sucesso: create_interface
2025-11-03 14:06:57,487 - INC_Publicidade - DEBUG - [wrapper:58] - Iniciando: execute_query
2025-11-03 14:06:57,488 - INC_Publicidade - DEBUG - [execute_query:71] - Query retornou 6 linhas
2025-11-03 14:06:57,488 - INC_Publicidade - DEBUG - [wrapper:61] - Sucesso: execute_query
2025-11-03 14:06:57,489 - INC_Publicidade - INFO - [load_data:150] - Carregados 6 anunciantes
