2025-11-03 02:51:56,963 - INC_Publicidade - DEBUG - [wrapper:58] - Iniciando: connect
2025-11-03 02:51:56,963 - INC_Publicidade - INFO - [connect:24] - Iniciando conexão Oracle...
2025-11-03 02:51:57,013 - INC_Publicidade - INFO - [connect:39] - Conexão Oracle estabelecida com sucesso!
2025-11-03 02:51:57,013 - INC_Publicidade - DEBUG - [wrapper:61] - Sucesso: connect
2025-11-03 02:51:57,014 - INC_Publicidade - INFO - [start_application:634] - Iniciando Sistema de Gestão de Publicidade...
2025-11-03 02:51:57,014 - INC_Publicidade - INFO - [start_application:635] - Conexão Oracle: localhost:1521/XEPDB1
2025-11-03 02:51:57,222 - INC_Publicidade - INFO - [__init__:27] - SearchEngine inicializado
2025-11-03 02:51:57,222 - INC_Publicidade - INFO - [integrar_pesquisa:21] - ✅ Motor de pesquisa inicializado com sucesso
2025-11-03 02:51:57,223 - INC_Publicidade - INFO - [integrar_pesquisa:28] - ✅ Sistema de pesquisa integrado com sucesso
2025-11-03 02:51:57,223 - INC_Publicidade - INFO - [__init__:151] - ✅ Sistema de pesquisa integrado
2025-11-03 02:51:57,273 - INC_Publicidade - DEBUG - [wrapper:58] - Iniciando: _create_interface
2025-11-03 02:51:57,273 - INC_Publicidade - DEBUG - [wrapper:58] - Iniciando: _create_sidebar
2025-11-03 02:51:57,315 - INC_Publicidade - DEBUG - [wrapper:58] - Iniciando: execute_query
2025-11-03 02:51:57,316 - INC_Publicidade - DEBUG - [execute_query:71] - Query retornou 1 linhas
2025-11-03 02:51:57,316 - INC_Publicidade - DEBUG - [wrapper:61] - Sucesso: execute_query
2025-11-03 02:51:57,317 - INC_Publicidade - DEBUG - [wrapper:58] - Iniciando: execute_query
2025-11-03 02:51:57,317 - INC_Publicidade - DEBUG - [execute_query:71] - Query retornou 1 linhas
2025-11-03 02:51:57,317 - INC_Publicidade - DEBUG - [wrapper:61] - Sucesso: execute_query
2025-11-03 02:51:57,472 - INC_Publicidade - DEBUG - [wrapper:61] - Sucesso: _create_sidebar
2025-11-03 02:51:57,472 - INC_Publicidade - DEBUG - [wrapper:58] - Iniciando: _create_header
2025-11-03 02:51:57,514 - INC_Publicidade - DEBUG - [wrapper:61] - Sucesso: _create_header
2025-11-03 02:51:57,514 - INC_Publicidade - DEBUG - [wrapper:58] - Iniciando: _create_main_content
2025-11-03 02:51:57,515 - INC_Publicidade - DEBUG - [wrapper:61] - Sucesso: _create_main_content
2025-11-03 02:51:57,515 - INC_Publicidade - DEBUG - [wrapper:61] - Sucesso: _create_interface
2025-11-03 02:51:57,515 - INC_Publicidade - DEBUG - [wrapper:58] - Iniciando: execute_query
2025-11-03 02:51:57,515 - INC_Publicidade - DEBUG - [execute_query:71] - Query retornou 1 linhas
2025-11-03 02:51:57,515 - INC_Publicidade - DEBUG - [wrapper:61] - Sucesso: execute_query
